[main] WARN soot.jimple.infoflow.methodSummary.data.provider.LazySummaryProvider - Lazy loading summaries from a jar/zip file might throw a ClosedChannelException. Use the EagerSummaryProvider instead.
[main] INFO soot.jimple.infoflow.cmd.MainClass - Analyzing app /mnt/aiongpfs/users/mbenali/static_analysis/APKs/nz.co.stuff.android.news.apk (1 of 1)...
[main] INFO soot.jimple.infoflow.android.SetupApplication - Initializing Soot...
[main] INFO soot.jimple.infoflow.android.SetupApplication - Loading dex files...
[main] WARN soot.dexpler.DexFileProvider - Multiple dex files detected, only processing 'classes.dex'. Use '-process-multiple-dex' option to process them all.
[main] INFO soot.jimple.infoflow.android.SetupApplication - ARSC file parsing took 0.043985649 seconds
[main] INFO soot.jimple.infoflow.memory.MemoryWarningSystem - Registered a memory warning system for 18,431.1 MiB
[main] INFO soot.jimple.infoflow.memory.FlowDroidTimeoutWatcher - FlowDroid timeout watcher started
[main] INFO soot.jimple.infoflow.android.entryPointCreators.AndroidEntryPointCreator - Creating Android entry point for 34 components...
[main] INFO soot.jimple.infoflow.android.SetupApplication - Constructing the callgraph...
[main] WARN soot.jimple.infoflow.android.resources.LayoutFileParser - Fragment without class name or id detected
[main] WARN soot.jimple.infoflow.android.resources.LayoutFileParser - Fragment without class name or id detected
[main] WARN soot.jimple.infoflow.android.resources.LayoutFileParser - Fragment without class name or id detected
[main] WARN soot.jimple.infoflow.android.resources.LayoutFileParser - Fragment without class name or id detected
[main] WARN soot.jimple.infoflow.android.resources.LayoutFileParser - Fragment without class name or id detected
[main] WARN soot.jimple.infoflow.android.resources.LayoutFileParser - Fragment without class name or id detected
[main] INFO soot.jimple.infoflow.android.callbacks.DefaultCallbackAnalyzer - Collecting callbacks in DEFAULT mode...
[main] INFO soot.jimple.infoflow.android.callbacks.DefaultCallbackAnalyzer - Callback analysis done.
[main] WARN soot.jimple.infoflow.android.resources.LayoutFileParser - Fragment without class name or id detected
[main] WARN soot.jimple.infoflow.android.resources.LayoutFileParser - Fragment without class name or id detected
[main] WARN soot.jimple.infoflow.android.resources.LayoutFileParser - Fragment without class name or id detected
[main] WARN soot.jimple.infoflow.android.resources.LayoutFileParser - Fragment without class name or id detected
[main] WARN soot.jimple.infoflow.android.resources.LayoutFileParser - Fragment without class name or id detected
[main] WARN soot.jimple.infoflow.android.resources.LayoutFileParser - Fragment without class name or id detected
[main] INFO soot.jimple.infoflow.android.entryPointCreators.AndroidEntryPointCreator - Creating Android entry point for 35 components...
[main] WARN soot.jimple.infoflow.android.entryPointCreators.components.FragmentEntryPointCreator - Cannot generate constructor for phantom class android.support.v4.app.Fragment
[main] WARN soot.jimple.infoflow.android.entryPointCreators.components.FragmentEntryPointCreator - Cannot generate constructor for phantom class android.support.v4.app.Fragment
[main] WARN soot.jimple.infoflow.android.entryPointCreators.components.FragmentEntryPointCreator - Cannot generate constructor for phantom class android.support.v4.app.Fragment
[main] WARN soot.jimple.infoflow.android.entryPointCreators.components.ActivityEntryPointCreator - Cannot create valid constructor for com.brightcove.player.view.BaseVideoView, because it is abstract and cannot substitute with subclass
[main] WARN soot.jimple.infoflow.android.entryPointCreators.components.ActivityEntryPointCreator - Cannot create valid constructor for com.brightcove.player.mediacontroller.buttons.ButtonController, because it is an interface and cannot substitute with subclass
[main] WARN soot.jimple.infoflow.android.entryPointCreators.components.ActivityEntryPointCreator - Cannot create valid constructor for nz.co.stuff.android.news.ui.activities.FirstLoadSectionsDownloadActivity$ConfigLoadingListener, because it is an interface and cannot substitute with subclass
[main] WARN soot.jimple.infoflow.android.entryPointCreators.components.ActivityEntryPointCreator - Cannot create valid constructor for nz.co.stuff.android.news.provider.NewsContract$ParseHelper, because it is an interface and cannot substitute with subclass
[main] INFO soot.jimple.infoflow.android.SetupApplication - Constructing the callgraph...
[main] WARN soot.jimple.infoflow.android.resources.LayoutFileParser - Fragment without class name or id detected
[main] WARN soot.jimple.infoflow.android.resources.LayoutFileParser - Fragment without class name or id detected
[main] WARN soot.jimple.infoflow.android.resources.LayoutFileParser - Fragment without class name or id detected
[main] WARN soot.jimple.infoflow.android.resources.LayoutFileParser - Fragment without class name or id detected
[main] WARN soot.jimple.infoflow.android.resources.LayoutFileParser - Fragment without class name or id detected
[main] WARN soot.jimple.infoflow.android.resources.LayoutFileParser - Fragment without class name or id detected
[main] INFO soot.jimple.infoflow.android.callbacks.DefaultCallbackAnalyzer - Running incremental callback analysis for 38 components...
[main] INFO soot.jimple.infoflow.android.callbacks.DefaultCallbackAnalyzer - Incremental callback analysis done.
[main] INFO soot.jimple.infoflow.android.entryPointCreators.AndroidEntryPointCreator - Creating Android entry point for 35 components...
[main] WARN soot.jimple.infoflow.android.entryPointCreators.components.FragmentEntryPointCreator - Cannot generate constructor for phantom class android.support.v4.app.Fragment
[main] WARN soot.jimple.infoflow.android.entryPointCreators.components.FragmentEntryPointCreator - Cannot generate constructor for phantom class android.support.v4.app.Fragment
[main] WARN soot.jimple.infoflow.android.entryPointCreators.components.FragmentEntryPointCreator - Cannot generate constructor for phantom class android.support.v4.app.Fragment
[main] WARN soot.jimple.infoflow.android.entryPointCreators.components.ActivityEntryPointCreator - Cannot create valid constructor for nz.co.stuff.android.news.ui.activities.FirstLoadSectionsDownloadActivity$ConfigLoadingListener, because it is an interface and cannot substitute with subclass
[main] WARN soot.jimple.infoflow.android.entryPointCreators.components.ActivityEntryPointCreator - Cannot create valid constructor for com.brightcove.player.view.BaseVideoView, because it is abstract and cannot substitute with subclass
[main] WARN soot.jimple.infoflow.android.entryPointCreators.components.ActivityEntryPointCreator - Cannot create valid constructor for com.brightcove.player.mediacontroller.buttons.ButtonController, because it is an interface and cannot substitute with subclass
[main] WARN soot.jimple.infoflow.android.entryPointCreators.components.ActivityEntryPointCreator - Cannot create valid constructor for com.braintreepayments.api.dropin.adapters.PaymentMethodNonceListAdapter$PaymentMethodNonceSelectedListener, because it is an interface and cannot substitute with subclass
[main] WARN soot.jimple.infoflow.android.entryPointCreators.components.ServiceEntryPointCreator - Cannot create valid constructor for nz.co.stuff.android.news.ui.activities.FirstLoadSectionsDownloadActivity$ConfigLoadingListener, because it is an interface and cannot substitute with subclass
[main] WARN soot.jimple.infoflow.android.entryPointCreators.components.ServiceEntryPointCreator - Cannot create valid constructor for nz.co.stuff.android.news.provider.NewsContract$ParseHelper, because it is an interface and cannot substitute with subclass
[main] WARN soot.jimple.infoflow.android.entryPointCreators.components.ActivityEntryPointCreator - Cannot create valid constructor for nz.co.stuff.android.news.ui.activities.FirstLoadSectionsDownloadActivity$ConfigLoadingListener, because it is an interface and cannot substitute with subclass
[main] WARN soot.jimple.infoflow.android.entryPointCreators.components.ActivityEntryPointCreator - Cannot create valid constructor for nz.co.stuff.android.news.provider.NewsContract$ParseHelper, because it is an interface and cannot substitute with subclass
[main] INFO soot.jimple.infoflow.android.SetupApplication - Constructing the callgraph...
[main] WARN soot.jimple.infoflow.android.resources.LayoutFileParser - Fragment without class name or id detected
[main] WARN soot.jimple.infoflow.android.resources.LayoutFileParser - Fragment without class name or id detected
[main] WARN soot.jimple.infoflow.android.resources.LayoutFileParser - Fragment without class name or id detected
[main] WARN soot.jimple.infoflow.android.resources.LayoutFileParser - Fragment without class name or id detected
[main] WARN soot.jimple.infoflow.android.resources.LayoutFileParser - Fragment without class name or id detected
[main] WARN soot.jimple.infoflow.android.resources.LayoutFileParser - Fragment without class name or id detected
[main] INFO soot.jimple.infoflow.android.callbacks.DefaultCallbackAnalyzer - Running incremental callback analysis for 16 components...
[main] INFO soot.jimple.infoflow.android.callbacks.DefaultCallbackAnalyzer - Incremental callback analysis done.
[main] INFO soot.jimple.infoflow.android.entryPointCreators.AndroidEntryPointCreator - Creating Android entry point for 35 components...
[main] WARN soot.jimple.infoflow.android.entryPointCreators.components.FragmentEntryPointCreator - Cannot generate constructor for phantom class android.support.v4.app.Fragment
[main] WARN soot.jimple.infoflow.android.entryPointCreators.components.FragmentEntryPointCreator - Cannot generate constructor for phantom class android.support.v4.app.Fragment
[main] WARN soot.jimple.infoflow.android.entryPointCreators.components.FragmentEntryPointCreator - Cannot generate constructor for phantom class android.support.v4.app.Fragment
[main] WARN soot.jimple.infoflow.android.entryPointCreators.components.ActivityEntryPointCreator - Cannot create valid constructor for nz.co.stuff.android.news.ui.activities.FirstLoadSectionsDownloadActivity$ConfigLoadingListener, because it is an interface and cannot substitute with subclass
[main] WARN soot.jimple.infoflow.android.entryPointCreators.components.ActivityEntryPointCreator - Cannot create valid constructor for com.brightcove.player.view.BaseVideoView, because it is abstract and cannot substitute with subclass
[main] WARN soot.jimple.infoflow.android.entryPointCreators.components.ActivityEntryPointCreator - Cannot create valid constructor for com.brightcove.player.mediacontroller.buttons.ButtonController, because it is an interface and cannot substitute with subclass
[main] WARN soot.jimple.infoflow.android.entryPointCreators.components.ActivityEntryPointCreator - Cannot create valid constructor for com.braintreepayments.api.dropin.adapters.PaymentMethodNonceListAdapter$PaymentMethodNonceSelectedListener, because it is an interface and cannot substitute with subclass
[main] WARN soot.jimple.infoflow.android.entryPointCreators.components.ServiceEntryPointCreator - Cannot create valid constructor for nz.co.stuff.android.news.ui.activities.FirstLoadSectionsDownloadActivity$ConfigLoadingListener, because it is an interface and cannot substitute with subclass
[main] WARN soot.jimple.infoflow.android.entryPointCreators.components.ServiceEntryPointCreator - Cannot create valid constructor for nz.co.stuff.android.news.provider.NewsContract$ParseHelper, because it is an interface and cannot substitute with subclass
[main] WARN soot.jimple.infoflow.android.entryPointCreators.components.ActivityEntryPointCreator - Cannot create valid constructor for nz.co.stuff.android.news.ui.activities.FirstLoadSectionsDownloadActivity$ConfigLoadingListener, because it is an interface and cannot substitute with subclass
[main] WARN soot.jimple.infoflow.android.entryPointCreators.components.ActivityEntryPointCreator - Cannot create valid constructor for nz.co.stuff.android.news.provider.NewsContract$ParseHelper, because it is an interface and cannot substitute with subclass
[main] INFO soot.jimple.infoflow.android.SetupApplication - Constructing the callgraph...
[main] WARN soot.jimple.infoflow.android.resources.LayoutFileParser - Fragment without class name or id detected
[main] WARN soot.jimple.infoflow.android.resources.LayoutFileParser - Fragment without class name or id detected
[main] WARN soot.jimple.infoflow.android.resources.LayoutFileParser - Fragment without class name or id detected
[main] WARN soot.jimple.infoflow.android.resources.LayoutFileParser - Fragment without class name or id detected
[main] WARN soot.jimple.infoflow.android.resources.LayoutFileParser - Fragment without class name or id detected
[main] WARN soot.jimple.infoflow.android.resources.LayoutFileParser - Fragment without class name or id detected
[main] INFO soot.jimple.infoflow.android.callbacks.DefaultCallbackAnalyzer - Running incremental callback analysis for 0 components...
[main] INFO soot.jimple.infoflow.android.callbacks.DefaultCallbackAnalyzer - Incremental callback analysis done.
[main] INFO soot.jimple.infoflow.memory.MemoryWarningSystem - Shutting down the memory warning system...
[main] INFO soot.jimple.infoflow.android.SetupApplication - Callback analysis terminated normally
[main] INFO soot.jimple.infoflow.android.SetupApplication - Entry point calculation done.
[main] WARN soot.jimple.infoflow.android.data.parsers.PermissionMethodParser - Line does not match: <org.springframework.security.config.http.CsrfBeanDefinitionParser: org.springframework.beans.factory.config.BeanDefinition getCsrfLogoutHandler)> -> _SOURCE_
[main] WARN soot.jimple.infoflow.android.data.parsers.PermissionMethodParser - Line does not match: <org.springframework.security.config.http.FormLoginBeanDefinitionParser: java.lang.String getLoginPage)> -> _SOURCE_
[main] WARN soot.jimple.infoflow.android.data.parsers.PermissionMethodParser - Line does not match: <com.google.auth.oauth2.UserCredentials: java.lang.String getClientSecret)> -> _SOURCE_
[main] WARN soot.jimple.infoflow.android.data.parsers.PermissionMethodParser - Line does not match: <org.springframework.web.servlet.tags.UrlTag: java.lang.String createUrl)> -> _SOURCE_
[main] WARN soot.jimple.infoflow.android.data.parsers.PermissionMethodParser - Line does not match: <org.apache.xmlrpc.webserver.RequestData: java.lang.String getMethod)> -> _SOURCE_
[main] WARN soot.jimple.infoflow.android.data.parsers.PermissionMethodParser - Line does not match: <org.dmfs.oauth2.client.http.requests.ResourceOwnerPasswordTokenRequest: org.dmfs.httpclient.HttpRequestEntity requestEntity)> -> _SOURCE_
[main] WARN soot.jimple.infoflow.android.data.parsers.PermissionMethodParser - Line does not match: <org.springframework.security.concurrent.DelegatingSecurityContextExecutorService: java.util.concurrent.ExecutorService getDelegate)> -> _SOURCE_
[main] WARN soot.jimple.infoflow.android.data.parsers.PermissionMethodParser - Line does not match: <org.springframework.security.config.annotation.web.builders.HttpSecurity: org.springframework.security.config.'annotation'.web.configurers.HeadersConfigurer headers)> -> _SOURCE_
[main] WARN soot.jimple.infoflow.android.data.parsers.PermissionMethodParser - Line does not match: <org.springframework.web.servlet.tags.EscapeBodyTag: java.lang.String readBodyContent)> -> _SOURCE_
[main] WARN soot.jimple.infoflow.android.data.parsers.PermissionMethodParser - Line does not match: <org.springframework.security.config.http.FormLoginBeanDefinitionParser: java.lang.String getLoginProcessingUrl)> -> _SOURCE_
[main] WARN soot.jimple.infoflow.android.data.parsers.PermissionMethodParser - Line does not match: <org.springframework.security.config.annotation.web.configurers.LogoutConfigurer: java.util.List getLogoutHandlers)> -> _SOURCE_
[main] WARN soot.jimple.infoflow.android.data.parsers.PermissionMethodParser - Line does not match: <org.apache.xmlrpc.webserver.RequestData: java.lang.String getHttpVersion)> -> _SOURCE_
[main] WARN soot.jimple.infoflow.android.data.parsers.PermissionMethodParser - Line does not match: <org.apache.xmlrpc.webserver.HttpServletRequestImpl: void parseParameters)> -> _SOURCE_
[main] WARN soot.jimple.infoflow.android.data.parsers.PermissionMethodParser - Line does not match:     
[main] INFO soot.jimple.infoflow.android.source.AccessPathBasedSourceSinkManager - Created a SourceSinkManager with 71 sources, 193 sinks, and 259 callback methods.
[main] INFO soot.jimple.infoflow.android.SetupApplication - Collecting callbacks and building a callgraph took 26 seconds
[main] INFO soot.jimple.infoflow.android.SetupApplication - Running data flow analysis on /mnt/aiongpfs/users/mbenali/static_analysis/APKs/nz.co.stuff.android.news.apk with 71 sources and 193 sinks...
[main] WARN soot.jimple.infoflow.InfoflowConfiguration - Static field tracking is disabled, results may be incomplete
[main] WARN soot.jimple.infoflow.InfoflowConfiguration - Using flow-insensitive alias tracking, results may be imprecise
[main] INFO soot.jimple.infoflow.InfoflowConfiguration - Implicit flow tracking is NOT enabled
[main] INFO soot.jimple.infoflow.InfoflowConfiguration - Exceptional flow tracking is NOT enabled
[main] INFO soot.jimple.infoflow.InfoflowConfiguration - Running with a maximum access path length of 1
[main] INFO soot.jimple.infoflow.InfoflowConfiguration - Using path-agnostic result collection
[main] INFO soot.jimple.infoflow.InfoflowConfiguration - Recursive access path shortening is enabled
[main] INFO soot.jimple.infoflow.InfoflowConfiguration - Taint analysis enabled: true
[main] INFO soot.jimple.infoflow.InfoflowConfiguration - Using alias algorithm FlowSensitive
[main] INFO soot.jimple.infoflow.memory.MemoryWarningSystem - Registered a memory warning system for 18,431.1 MiB
[main] INFO soot.jimple.infoflow.android.SetupApplication$InPlaceInfoflow - Callgraph construction took 0 seconds
[FlowDroid Timeout Watcher] INFO soot.jimple.infoflow.memory.FlowDroidTimeoutWatcher - FlowDroid timeout watcher terminated
[main] INFO soot.jimple.infoflow.codeOptimization.InterproceduralConstantValuePropagator - Removing side-effect free methods is disabled
[main] INFO soot.jimple.infoflow.android.SetupApplication$InPlaceInfoflow - Dead code elimination took 0.88552353 seconds
[main] INFO soot.jimple.infoflow.android.SetupApplication$InPlaceInfoflow - Callgraph has 21704 edges
[main] INFO soot.jimple.infoflow.android.SetupApplication$InPlaceInfoflow - Starting Taint Analysis
[main] INFO soot.jimple.infoflow.android.SetupApplication$InPlaceInfoflow - Using context- and flow-sensitive solver
[main] INFO soot.jimple.infoflow.android.SetupApplication$InPlaceInfoflow - Using context- and flow-sensitive solver
[main] INFO soot.jimple.infoflow.memory.FlowDroidTimeoutWatcher - FlowDroid timeout watcher started
[main] INFO soot.jimple.infoflow.android.SetupApplication$InPlaceInfoflow - Looking for sources and sinks...
[main] INFO soot.jimple.infoflow.android.SetupApplication$InPlaceInfoflow - Source lookup done, found 51 sources and 444 sinks.
[main] INFO soot.jimple.infoflow.android.SetupApplication$InPlaceInfoflow - Taint wrapper hits: 4141
[main] INFO soot.jimple.infoflow.android.SetupApplication$InPlaceInfoflow - Taint wrapper misses: 30704
[main] INFO soot.jimple.infoflow.android.SetupApplication$InPlaceInfoflow - IFDS problem with 81237 forward and 59624 backward edges solved in 1 seconds, processing 57 results...
[main] INFO soot.jimple.infoflow.android.SetupApplication$InPlaceInfoflow - Current memory consumption: 852 MB
[main] INFO soot.jimple.infoflow.android.SetupApplication$InPlaceInfoflow - Memory consumption after cleanup: 275 MB
[main] INFO soot.jimple.infoflow.memory.FlowDroidTimeoutWatcher - FlowDroid timeout watcher started
[main] INFO soot.jimple.infoflow.data.pathBuilders.DefaultPathBuilderFactory$ShutdownBatchPathBuilder - Running path reconstruction batch 1 with 5 elements
[main] INFO soot.jimple.infoflow.data.pathBuilders.DefaultPathBuilderFactory$RepeatableContextSensitivePathBuilder - Obtainted 5 connections between sources and sinks
[main] INFO soot.jimple.infoflow.data.pathBuilders.DefaultPathBuilderFactory$RepeatableContextSensitivePathBuilder - Building path 1...
[main] INFO soot.jimple.infoflow.data.pathBuilders.DefaultPathBuilderFactory$RepeatableContextSensitivePathBuilder - Building path 2...
[main] INFO soot.jimple.infoflow.data.pathBuilders.DefaultPathBuilderFactory$RepeatableContextSensitivePathBuilder - Building path 3...
[main] INFO soot.jimple.infoflow.data.pathBuilders.DefaultPathBuilderFactory$RepeatableContextSensitivePathBuilder - Building path 4...
[main] INFO soot.jimple.infoflow.data.pathBuilders.DefaultPathBuilderFactory$RepeatableContextSensitivePathBuilder - Building path 5...
[FlowDroid Timeout Watcher] INFO soot.jimple.infoflow.memory.FlowDroidTimeoutWatcher - FlowDroid timeout watcher terminated
[main] INFO soot.jimple.infoflow.data.pathBuilders.DefaultPathBuilderFactory$ShutdownBatchPathBuilder - Running path reconstruction batch 2 with 5 elements
[main] INFO soot.jimple.infoflow.data.pathBuilders.DefaultPathBuilderFactory$RepeatableContextSensitivePathBuilder - Obtainted 5 connections between sources and sinks
[main] INFO soot.jimple.infoflow.data.pathBuilders.DefaultPathBuilderFactory$RepeatableContextSensitivePathBuilder - Building path 1...
[main] INFO soot.jimple.infoflow.data.pathBuilders.DefaultPathBuilderFactory$RepeatableContextSensitivePathBuilder - Building path 2...
[main] INFO soot.jimple.infoflow.data.pathBuilders.DefaultPathBuilderFactory$RepeatableContextSensitivePathBuilder - Building path 3...
[main] INFO soot.jimple.infoflow.data.pathBuilders.DefaultPathBuilderFactory$RepeatableContextSensitivePathBuilder - Building path 4...
[main] INFO soot.jimple.infoflow.data.pathBuilders.DefaultPathBuilderFactory$RepeatableContextSensitivePathBuilder - Building path 5...
[main] INFO soot.jimple.infoflow.data.pathBuilders.DefaultPathBuilderFactory$ShutdownBatchPathBuilder - Running path reconstruction batch 3 with 5 elements
[main] INFO soot.jimple.infoflow.data.pathBuilders.DefaultPathBuilderFactory$RepeatableContextSensitivePathBuilder - Obtainted 5 connections between sources and sinks
[main] INFO soot.jimple.infoflow.data.pathBuilders.DefaultPathBuilderFactory$RepeatableContextSensitivePathBuilder - Building path 1...
[main] INFO soot.jimple.infoflow.data.pathBuilders.DefaultPathBuilderFactory$RepeatableContextSensitivePathBuilder - Building path 2...
[main] INFO soot.jimple.infoflow.data.pathBuilders.DefaultPathBuilderFactory$RepeatableContextSensitivePathBuilder - Building path 3...
[main] INFO soot.jimple.infoflow.data.pathBuilders.DefaultPathBuilderFactory$RepeatableContextSensitivePathBuilder - Building path 4...
[main] INFO soot.jimple.infoflow.data.pathBuilders.DefaultPathBuilderFactory$RepeatableContextSensitivePathBuilder - Building path 5...
[main] INFO soot.jimple.infoflow.data.pathBuilders.DefaultPathBuilderFactory$ShutdownBatchPathBuilder - Running path reconstruction batch 4 with 5 elements
[main] INFO soot.jimple.infoflow.data.pathBuilders.DefaultPathBuilderFactory$RepeatableContextSensitivePathBuilder - Obtainted 5 connections between sources and sinks
[main] INFO soot.jimple.infoflow.data.pathBuilders.DefaultPathBuilderFactory$RepeatableContextSensitivePathBuilder - Building path 1...
[main] INFO soot.jimple.infoflow.data.pathBuilders.DefaultPathBuilderFactory$RepeatableContextSensitivePathBuilder - Building path 2...
[main] INFO soot.jimple.infoflow.data.pathBuilders.DefaultPathBuilderFactory$RepeatableContextSensitivePathBuilder - Building path 3...
[main] INFO soot.jimple.infoflow.data.pathBuilders.DefaultPathBuilderFactory$RepeatableContextSensitivePathBuilder - Building path 4...
[main] INFO soot.jimple.infoflow.data.pathBuilders.DefaultPathBuilderFactory$RepeatableContextSensitivePathBuilder - Building path 5...
[main] INFO soot.jimple.infoflow.data.pathBuilders.DefaultPathBuilderFactory$ShutdownBatchPathBuilder - Running path reconstruction batch 5 with 5 elements
[main] INFO soot.jimple.infoflow.data.pathBuilders.DefaultPathBuilderFactory$RepeatableContextSensitivePathBuilder - Obtainted 5 connections between sources and sinks
[main] INFO soot.jimple.infoflow.data.pathBuilders.DefaultPathBuilderFactory$RepeatableContextSensitivePathBuilder - Building path 1...
[main] INFO soot.jimple.infoflow.data.pathBuilders.DefaultPathBuilderFactory$RepeatableContextSensitivePathBuilder - Building path 2...
[main] INFO soot.jimple.infoflow.data.pathBuilders.DefaultPathBuilderFactory$RepeatableContextSensitivePathBuilder - Building path 3...
[main] INFO soot.jimple.infoflow.data.pathBuilders.DefaultPathBuilderFactory$RepeatableContextSensitivePathBuilder - Building path 4...
[main] INFO soot.jimple.infoflow.data.pathBuilders.DefaultPathBuilderFactory$RepeatableContextSensitivePathBuilder - Building path 5...
[main] INFO soot.jimple.infoflow.data.pathBuilders.DefaultPathBuilderFactory$ShutdownBatchPathBuilder - Running path reconstruction batch 6 with 5 elements
[main] INFO soot.jimple.infoflow.data.pathBuilders.DefaultPathBuilderFactory$RepeatableContextSensitivePathBuilder - Obtainted 5 connections between sources and sinks
[main] INFO soot.jimple.infoflow.data.pathBuilders.DefaultPathBuilderFactory$RepeatableContextSensitivePathBuilder - Building path 1...
[main] INFO soot.jimple.infoflow.data.pathBuilders.DefaultPathBuilderFactory$RepeatableContextSensitivePathBuilder - Building path 2...
[main] INFO soot.jimple.infoflow.data.pathBuilders.DefaultPathBuilderFactory$RepeatableContextSensitivePathBuilder - Building path 3...
[main] INFO soot.jimple.infoflow.data.pathBuilders.DefaultPathBuilderFactory$RepeatableContextSensitivePathBuilder - Building path 4...
[main] INFO soot.jimple.infoflow.data.pathBuilders.DefaultPathBuilderFactory$RepeatableContextSensitivePathBuilder - Building path 5...
[main] INFO soot.jimple.infoflow.data.pathBuilders.DefaultPathBuilderFactory$ShutdownBatchPathBuilder - Running path reconstruction batch 7 with 5 elements
[main] INFO soot.jimple.infoflow.data.pathBuilders.DefaultPathBuilderFactory$RepeatableContextSensitivePathBuilder - Obtainted 5 connections between sources and sinks
[main] INFO soot.jimple.infoflow.data.pathBuilders.DefaultPathBuilderFactory$RepeatableContextSensitivePathBuilder - Building path 1...
[main] INFO soot.jimple.infoflow.data.pathBuilders.DefaultPathBuilderFactory$RepeatableContextSensitivePathBuilder - Building path 2...
[main] INFO soot.jimple.infoflow.data.pathBuilders.DefaultPathBuilderFactory$RepeatableContextSensitivePathBuilder - Building path 3...
[main] INFO soot.jimple.infoflow.data.pathBuilders.DefaultPathBuilderFactory$RepeatableContextSensitivePathBuilder - Building path 4...
[main] INFO soot.jimple.infoflow.data.pathBuilders.DefaultPathBuilderFactory$RepeatableContextSensitivePathBuilder - Building path 5...
[main] INFO soot.jimple.infoflow.data.pathBuilders.DefaultPathBuilderFactory$ShutdownBatchPathBuilder - Running path reconstruction batch 8 with 5 elements
[main] INFO soot.jimple.infoflow.data.pathBuilders.DefaultPathBuilderFactory$RepeatableContextSensitivePathBuilder - Obtainted 5 connections between sources and sinks
[main] INFO soot.jimple.infoflow.data.pathBuilders.DefaultPathBuilderFactory$RepeatableContextSensitivePathBuilder - Building path 1...
[main] INFO soot.jimple.infoflow.data.pathBuilders.DefaultPathBuilderFactory$RepeatableContextSensitivePathBuilder - Building path 2...
[main] INFO soot.jimple.infoflow.data.pathBuilders.DefaultPathBuilderFactory$RepeatableContextSensitivePathBuilder - Building path 3...
[main] INFO soot.jimple.infoflow.data.pathBuilders.DefaultPathBuilderFactory$RepeatableContextSensitivePathBuilder - Building path 4...
[main] INFO soot.jimple.infoflow.data.pathBuilders.DefaultPathBuilderFactory$RepeatableContextSensitivePathBuilder - Building path 5...
[main] INFO soot.jimple.infoflow.data.pathBuilders.DefaultPathBuilderFactory$ShutdownBatchPathBuilder - Running path reconstruction batch 9 with 5 elements
[main] INFO soot.jimple.infoflow.data.pathBuilders.DefaultPathBuilderFactory$RepeatableContextSensitivePathBuilder - Obtainted 5 connections between sources and sinks
[main] INFO soot.jimple.infoflow.data.pathBuilders.DefaultPathBuilderFactory$RepeatableContextSensitivePathBuilder - Building path 1...
[main] INFO soot.jimple.infoflow.data.pathBuilders.DefaultPathBuilderFactory$RepeatableContextSensitivePathBuilder - Building path 2...
[main] INFO soot.jimple.infoflow.data.pathBuilders.DefaultPathBuilderFactory$RepeatableContextSensitivePathBuilder - Building path 3...
[main] INFO soot.jimple.infoflow.data.pathBuilders.DefaultPathBuilderFactory$RepeatableContextSensitivePathBuilder - Building path 4...
[main] INFO soot.jimple.infoflow.data.pathBuilders.DefaultPathBuilderFactory$RepeatableContextSensitivePathBuilder - Building path 5...
[main] INFO soot.jimple.infoflow.data.pathBuilders.DefaultPathBuilderFactory$ShutdownBatchPathBuilder - Running path reconstruction batch 10 with 5 elements
[main] INFO soot.jimple.infoflow.data.pathBuilders.DefaultPathBuilderFactory$RepeatableContextSensitivePathBuilder - Obtainted 5 connections between sources and sinks
[main] INFO soot.jimple.infoflow.data.pathBuilders.DefaultPathBuilderFactory$RepeatableContextSensitivePathBuilder - Building path 1...
[main] INFO soot.jimple.infoflow.data.pathBuilders.DefaultPathBuilderFactory$RepeatableContextSensitivePathBuilder - Building path 2...
[main] INFO soot.jimple.infoflow.data.pathBuilders.DefaultPathBuilderFactory$RepeatableContextSensitivePathBuilder - Building path 3...
[main] INFO soot.jimple.infoflow.data.pathBuilders.DefaultPathBuilderFactory$RepeatableContextSensitivePathBuilder - Building path 4...
[main] INFO soot.jimple.infoflow.data.pathBuilders.DefaultPathBuilderFactory$RepeatableContextSensitivePathBuilder - Building path 5...
[main] INFO soot.jimple.infoflow.data.pathBuilders.DefaultPathBuilderFactory$ShutdownBatchPathBuilder - Running path reconstruction batch 11 with 5 elements
[main] INFO soot.jimple.infoflow.data.pathBuilders.DefaultPathBuilderFactory$RepeatableContextSensitivePathBuilder - Obtainted 5 connections between sources and sinks
[main] INFO soot.jimple.infoflow.data.pathBuilders.DefaultPathBuilderFactory$RepeatableContextSensitivePathBuilder - Building path 1...
[main] INFO soot.jimple.infoflow.data.pathBuilders.DefaultPathBuilderFactory$RepeatableContextSensitivePathBuilder - Building path 2...
[main] INFO soot.jimple.infoflow.data.pathBuilders.DefaultPathBuilderFactory$RepeatableContextSensitivePathBuilder - Building path 3...
[main] INFO soot.jimple.infoflow.data.pathBuilders.DefaultPathBuilderFactory$RepeatableContextSensitivePathBuilder - Building path 4...
[main] INFO soot.jimple.infoflow.data.pathBuilders.DefaultPathBuilderFactory$RepeatableContextSensitivePathBuilder - Building path 5...
[main] INFO soot.jimple.infoflow.data.pathBuilders.DefaultPathBuilderFactory$ShutdownBatchPathBuilder - Running path reconstruction batch 12 with 2 elements
[main] INFO soot.jimple.infoflow.data.pathBuilders.DefaultPathBuilderFactory$RepeatableContextSensitivePathBuilder - Obtainted 2 connections between sources and sinks
[main] INFO soot.jimple.infoflow.data.pathBuilders.DefaultPathBuilderFactory$RepeatableContextSensitivePathBuilder - Building path 1...
[main] INFO soot.jimple.infoflow.data.pathBuilders.DefaultPathBuilderFactory$RepeatableContextSensitivePathBuilder - Building path 2...
[main] INFO soot.jimple.infoflow.memory.MemoryWarningSystem - Shutting down the memory warning system...
[main] INFO soot.jimple.infoflow.android.SetupApplication$InPlaceInfoflow - Memory consumption after path building: 222 MB
[main] INFO soot.jimple.infoflow.android.SetupApplication$InPlaceInfoflow - Path reconstruction took 11 seconds
[main] INFO soot.jimple.infoflow.android.SetupApplication$InPlaceInfoflow - The sink $r0 = virtualinvoke $r0.<java.lang.String: java.lang.String replace(java.lang.CharSequence,java.lang.CharSequence)>("/", "\\/") in method <nz.co.stuff.android.news.provider.NewsContract$NewsSection: nz.co.stuff.android.news.provider.NewsContract$NewsSection sectionLikeName(java.lang.String,java.util.HashMap)> was called with values from the following sources:
[main] INFO soot.jimple.infoflow.android.SetupApplication$InPlaceInfoflow - - $r1 = interfaceinvoke $r0.<android.database.Cursor: java.lang.String getString(int)>($i0) in method <nz.co.stuff.android.news.util.StuffHelper: java.lang.String getStringOrNull(android.database.Cursor,java.lang.String)>
[main] INFO soot.jimple.infoflow.android.SetupApplication$InPlaceInfoflow - - $r6 = virtualinvoke $r2.<android.content.ContentResolver: android.database.Cursor query(android.net.Uri,java.lang.String[],java.lang.String,java.lang.String[],java.lang.String)>($r5, r1, null, null, "position") in method <nz.co.stuff.android.news.service.PullUpdater: void loadCursorSynchronously()>
[main] INFO soot.jimple.infoflow.android.SetupApplication$InPlaceInfoflow - The sink interfaceinvoke $r3.<android.content.SharedPreferences$Editor: android.content.SharedPreferences$Editor putLong(java.lang.String,long)>("session.ExpirationTime", $l0) in method <com.gigya.socialize.android.GSAPI: void saveSession()> was called with values from the following sources:
[main] INFO soot.jimple.infoflow.android.SetupApplication$InPlaceInfoflow - - $r19 = virtualinvoke r11.<java.net.URLConnection: java.io.InputStream getInputStream()>() in method <com.gigya.socialize.GSRequest: com.gigya.socialize.GSResponse sendRequest(java.lang.String,java.lang.String,java.lang.String,com.gigya.socialize.GSObject,java.lang.String,java.lang.String,boolean,boolean,int)>
[main] INFO soot.jimple.infoflow.android.SetupApplication$InPlaceInfoflow - The sink staticinvoke <android.util.Log: int d(java.lang.String,java.lang.String)>("NewsContract", $r0) in method <nz.co.stuff.android.news.provider.NewsContract$NewsSection: java.lang.Object findSectionElementByPath(java.lang.String,boolean,nz.co.stuff.android.news.provider.NewsContract$SectionElementFinder)> was called with values from the following sources:
[main] INFO soot.jimple.infoflow.android.SetupApplication$InPlaceInfoflow - - $r1 = interfaceinvoke $r0.<android.database.Cursor: java.lang.String getString(int)>($i0) in method <nz.co.stuff.android.news.util.StuffHelper: java.lang.String getStringOrNull(android.database.Cursor,java.lang.String)>
[main] INFO soot.jimple.infoflow.android.SetupApplication$InPlaceInfoflow - The sink $r0 = virtualinvoke $r0.<java.lang.String: java.lang.String replace(java.lang.CharSequence,java.lang.CharSequence)>("stuff.co.nz/", "stuff.co.nz/_json/") in method <nz.co.stuff.android.news.provider.NewsContract$NewsSection: java.lang.String parseSectionUrlFromStoryUrl(java.lang.String)> was called with values from the following sources:
[main] INFO soot.jimple.infoflow.android.SetupApplication$InPlaceInfoflow - - $r1 = interfaceinvoke $r0.<android.database.Cursor: java.lang.String getString(int)>($i0) in method <nz.co.stuff.android.news.util.StuffHelper: java.lang.String getStringOrNull(android.database.Cursor,java.lang.String)>
[main] INFO soot.jimple.infoflow.android.SetupApplication$InPlaceInfoflow - The sink virtualinvoke r1.<android.content.Intent: android.content.Intent setAction(java.lang.String)>("GCMMessageReceivingService.NotificationClicked") in method <nz.co.stuff.android.news.ui.activities.FirstLoadSectionsDownloadActivity: void finishedConfigAndOrAdFetch()> was called with values from the following sources:
[main] INFO soot.jimple.infoflow.android.SetupApplication$InPlaceInfoflow - - $r1 = interfaceinvoke $r0.<android.database.Cursor: java.lang.String getString(int)>($i0) in method <nz.co.stuff.android.news.util.StuffHelper: java.lang.String getStringOrNull(android.database.Cursor,java.lang.String)>
[main] INFO soot.jimple.infoflow.android.SetupApplication$InPlaceInfoflow - - $r6 = virtualinvoke $r2.<android.content.ContentResolver: android.database.Cursor query(android.net.Uri,java.lang.String[],java.lang.String,java.lang.String[],java.lang.String)>($r5, r1, null, null, "position") in method <nz.co.stuff.android.news.service.PullUpdater: void loadCursorSynchronously()>
[main] INFO soot.jimple.infoflow.android.SetupApplication$InPlaceInfoflow - The sink virtualinvoke $r35.<java.io.OutputStreamWriter: void write(java.lang.String)>($r2) in method <com.gigya.socialize.GSRequest: com.gigya.socialize.GSResponse sendRequest(java.lang.String,java.lang.String,java.lang.String,com.gigya.socialize.GSObject,java.lang.String,java.lang.String,boolean,boolean,int)> was called with values from the following sources:
[main] INFO soot.jimple.infoflow.android.SetupApplication$InPlaceInfoflow - - $r19 = virtualinvoke r11.<java.net.URLConnection: java.io.InputStream getInputStream()>() in method <com.gigya.socialize.GSRequest: com.gigya.socialize.GSResponse sendRequest(java.lang.String,java.lang.String,java.lang.String,com.gigya.socialize.GSObject,java.lang.String,java.lang.String,boolean,boolean,int)>
[main] INFO soot.jimple.infoflow.android.SetupApplication$InPlaceInfoflow - The sink virtualinvoke $r4.<java.io.ByteArrayOutputStream: void write(byte[],int,int)>(r1, 0, $i0) in method <com.braintreepayments.api.internal.HttpClient: java.lang.String readStream(java.io.InputStream,boolean)> was called with values from the following sources:
[main] INFO soot.jimple.infoflow.android.SetupApplication$InPlaceInfoflow - - $r5 = virtualinvoke $r1.<java.net.HttpURLConnection: java.io.InputStream getInputStream()>() in method <com.braintreepayments.api.internal.HttpClient: java.lang.String parseResponse(java.net.HttpURLConnection)>
[main] INFO soot.jimple.infoflow.android.SetupApplication$InPlaceInfoflow - The sink virtualinvoke $r3.<java.io.ByteArrayOutputStream: void write(byte[],int,int)>(r1, 0, $i0) in method <com.amazonaws.util.IOUtils: byte[] toByteArray(java.io.InputStream)> was called with values from the following sources:
[main] INFO soot.jimple.infoflow.android.SetupApplication$InPlaceInfoflow - - $r4 = virtualinvoke $r2.<java.net.HttpURLConnection: java.io.InputStream getInputStream()>() in method <com.amazonaws.http.UrlHttpClient: com.amazonaws.http.HttpResponse createHttpResponse(com.amazonaws.http.HttpRequest,java.net.HttpURLConnection)>
[main] INFO soot.jimple.infoflow.android.SetupApplication$InPlaceInfoflow - The sink virtualinvoke $r3.<android.content.ContentResolver: int delete(android.net.Uri,java.lang.String,java.lang.String[])>($r4, $r7, r1) in method <nz.co.stuff.android.news.service.SearchService: java.util.ArrayList getLocalSearchHistory()> was called with values from the following sources:
[main] INFO soot.jimple.infoflow.android.SetupApplication$InPlaceInfoflow - - $r8 = interfaceinvoke $r5.<android.database.Cursor: java.lang.String getString(int)>($i0) in method <nz.co.stuff.android.news.service.SearchService: java.util.ArrayList getLocalSearchHistory()>
[main] INFO soot.jimple.infoflow.android.SetupApplication$InPlaceInfoflow - - $r8 = interfaceinvoke $r5.<android.database.Cursor: java.lang.String getString(int)>($i0) in method <nz.co.stuff.android.news.service.SearchService: java.util.ArrayList getLocalSearchHistory()>
[main] INFO soot.jimple.infoflow.android.SetupApplication$InPlaceInfoflow - The sink $r12 = virtualinvoke $r3.<java.net.HttpURLConnection: java.io.InputStream getInputStream()>() in method <com.adobe.mobile.RequestHandler: void sendGenericRequest(java.lang.String,java.util.Map,int,java.lang.String)> was called with values from the following sources:
[main] INFO soot.jimple.infoflow.android.SetupApplication$InPlaceInfoflow - - $r15 = virtualinvoke $r5.<java.net.HttpURLConnection: java.io.InputStream getInputStream()>() in method <com.adobe.mobile.RequestHandler: byte[] retrieveAnalyticsRequestData(java.lang.String,java.lang.String,java.util.Map,int,java.lang.String)>
[main] INFO soot.jimple.infoflow.android.SetupApplication$InPlaceInfoflow - The sink interfaceinvoke $r2.<android.content.SharedPreferences$Editor: android.content.SharedPreferences$Editor putString(java.lang.String,java.lang.String)>("ucid", $r1) in method <com.gigya.socialize.android.GSAPI: void setUCID(java.lang.String)> was called with values from the following sources:
[main] INFO soot.jimple.infoflow.android.SetupApplication$InPlaceInfoflow - - $r19 = virtualinvoke r11.<java.net.URLConnection: java.io.InputStream getInputStream()>() in method <com.gigya.socialize.GSRequest: com.gigya.socialize.GSResponse sendRequest(java.lang.String,java.lang.String,java.lang.String,com.gigya.socialize.GSObject,java.lang.String,java.lang.String,boolean,boolean,int)>
[main] INFO soot.jimple.infoflow.android.SetupApplication$InPlaceInfoflow - The sink staticinvoke <android.util.Log: int d(java.lang.String,java.lang.String)>("ADBMobile", $r0) in method <com.adobe.mobile.StaticMethods: void logDebugFormat(java.lang.String,java.lang.Object[])> was called with values from the following sources:
[main] INFO soot.jimple.infoflow.android.SetupApplication$InPlaceInfoflow - - $r7 = interfaceinvoke $r6.<android.database.Cursor: java.lang.String getString(int)>(3) in method <com.adobe.mobile.ThirdPartyQueue: com.adobe.mobile.AbstractHitDatabase$Hit selectOldestHit()>
[main] INFO soot.jimple.infoflow.android.SetupApplication$InPlaceInfoflow - - $r13 = virtualinvoke r8.<java.net.HttpURLConnection: java.io.InputStream getInputStream()>() in method <com.adobe.mobile.RequestHandler: byte[] retrieveData(java.lang.String,int,java.lang.String,java.util.concurrent.Callable,com.adobe.mobile.RequestHandler$HeaderCallback)>
[main] INFO soot.jimple.infoflow.android.SetupApplication$InPlaceInfoflow - - $r7 = interfaceinvoke $r6.<android.database.Cursor: java.lang.String getString(int)>(1) in method <com.adobe.mobile.AnalyticsWorker: com.adobe.mobile.AbstractHitDatabase$Hit selectOldestHit()>
[main] INFO soot.jimple.infoflow.android.SetupApplication$InPlaceInfoflow - - $r7 = interfaceinvoke $r6.<android.database.Cursor: java.lang.String getString(int)>(1) in method <com.adobe.mobile.ThirdPartyQueue: com.adobe.mobile.AbstractHitDatabase$Hit selectOldestHit()>
[main] INFO soot.jimple.infoflow.android.SetupApplication$InPlaceInfoflow - - $r7 = interfaceinvoke $r6.<android.database.Cursor: java.lang.String getString(int)>(2) in method <com.adobe.mobile.ThirdPartyQueue: com.adobe.mobile.AbstractHitDatabase$Hit selectOldestHit()>
[main] INFO soot.jimple.infoflow.android.SetupApplication$InPlaceInfoflow - - $r15 = virtualinvoke $r5.<java.net.HttpURLConnection: java.io.InputStream getInputStream()>() in method <com.adobe.mobile.RequestHandler: byte[] retrieveAnalyticsRequestData(java.lang.String,java.lang.String,java.util.Map,int,java.lang.String)>
[main] INFO soot.jimple.infoflow.android.SetupApplication$InPlaceInfoflow - The sink $r1 = virtualinvoke $r1.<java.lang.String: java.lang.String replaceFirst(java.lang.String,java.lang.String)>("/", "") in method <com.gigya.socialize.GSRequest: com.gigya.socialize.GSResponse send(int)> was called with values from the following sources:
[main] INFO soot.jimple.infoflow.android.SetupApplication$InPlaceInfoflow - - $r19 = virtualinvoke r11.<java.net.URLConnection: java.io.InputStream getInputStream()>() in method <com.gigya.socialize.GSRequest: com.gigya.socialize.GSResponse sendRequest(java.lang.String,java.lang.String,java.lang.String,com.gigya.socialize.GSObject,java.lang.String,java.lang.String,boolean,boolean,int)>
[main] INFO soot.jimple.infoflow.android.SetupApplication$InPlaceInfoflow - The sink virtualinvoke r3.<java.io.Writer: void write(java.lang.String,int,int)>($r2, 0, $i0) in method <com.braintreepayments.api.internal.HttpClient: void writeOutputStream(java.io.OutputStream,java.lang.String)> was called with values from the following sources:
[main] INFO soot.jimple.infoflow.android.SetupApplication$InPlaceInfoflow - - $r7 = interfaceinvoke $r6.<android.database.Cursor: java.lang.String getString(int)>(2) in method <com.braintreepayments.api.internal.AnalyticsDatabase: java.util.List getPendingRequests()>
[main] INFO soot.jimple.infoflow.android.SetupApplication$InPlaceInfoflow - - $r7 = interfaceinvoke $r6.<android.database.Cursor: java.lang.String getString(int)>(0) in method <com.braintreepayments.api.internal.AnalyticsDatabase: java.util.List getPendingRequests()>
[main] INFO soot.jimple.infoflow.android.SetupApplication$InPlaceInfoflow - - $r7 = interfaceinvoke $r6.<android.database.Cursor: java.lang.String getString(int)>($i1) in method <com.braintreepayments.api.internal.AnalyticsDatabase: java.util.List getPendingRequests()>
[main] INFO soot.jimple.infoflow.android.SetupApplication$InPlaceInfoflow - - $r7 = interfaceinvoke $r6.<android.database.Cursor: java.lang.String getString(int)>(1) in method <com.braintreepayments.api.internal.AnalyticsDatabase: java.util.List getPendingRequests()>
[main] INFO soot.jimple.infoflow.android.SetupApplication$InPlaceInfoflow - The sink interfaceinvoke $r2.<android.content.SharedPreferences$Editor: android.content.SharedPreferences$Editor putString(java.lang.String,java.lang.String)>("gmid", $r1) in method <com.gigya.socialize.android.GSAPI: void setGMID(java.lang.String)> was called with values from the following sources:
[main] INFO soot.jimple.infoflow.android.SetupApplication$InPlaceInfoflow - - $r19 = virtualinvoke r11.<java.net.URLConnection: java.io.InputStream getInputStream()>() in method <com.gigya.socialize.GSRequest: com.gigya.socialize.GSResponse sendRequest(java.lang.String,java.lang.String,java.lang.String,com.gigya.socialize.GSObject,java.lang.String,java.lang.String,boolean,boolean,int)>
[main] INFO soot.jimple.infoflow.android.SetupApplication$InPlaceInfoflow - The sink interfaceinvoke $r19.<android.content.SharedPreferences$Editor: android.content.SharedPreferences$Editor putString(java.lang.String,java.lang.String)>("ADBMOBILE_VISITORID_IDS", $r5) in method <com.adobe.mobile.VisitorIDService$2: void run()> was called with values from the following sources:
[main] INFO soot.jimple.infoflow.android.SetupApplication$InPlaceInfoflow - - $r13 = virtualinvoke r8.<java.net.HttpURLConnection: java.io.InputStream getInputStream()>() in method <com.adobe.mobile.RequestHandler: byte[] retrieveData(java.lang.String,int,java.lang.String,java.util.concurrent.Callable,com.adobe.mobile.RequestHandler$HeaderCallback)>
[main] INFO soot.jimple.infoflow.android.SetupApplication$InPlaceInfoflow - The sink interfaceinvoke $r3.<android.content.SharedPreferences$Editor: android.content.SharedPreferences$Editor putString(java.lang.String,java.lang.String)>("session.Secret", $r4) in method <com.gigya.socialize.android.GSAPI: void saveSession()> was called with values from the following sources:
[main] INFO soot.jimple.infoflow.android.SetupApplication$InPlaceInfoflow - - $r19 = virtualinvoke r11.<java.net.URLConnection: java.io.InputStream getInputStream()>() in method <com.gigya.socialize.GSRequest: com.gigya.socialize.GSResponse sendRequest(java.lang.String,java.lang.String,java.lang.String,com.gigya.socialize.GSObject,java.lang.String,java.lang.String,boolean,boolean,int)>
[main] INFO soot.jimple.infoflow.android.SetupApplication$InPlaceInfoflow - The sink virtualinvoke $r20.<java.io.OutputStream: void write(byte[])>(r5) in method <com.adobe.mobile.RequestHandler: boolean sendThirdPartyRequest(java.lang.String,java.lang.String,java.util.Map,int,java.lang.String,java.lang.String)> was called with values from the following sources:
[main] INFO soot.jimple.infoflow.android.SetupApplication$InPlaceInfoflow - - $r7 = interfaceinvoke $r6.<android.database.Cursor: java.lang.String getString(int)>(3) in method <com.adobe.mobile.ThirdPartyQueue: com.adobe.mobile.AbstractHitDatabase$Hit selectOldestHit()>
[main] INFO soot.jimple.infoflow.android.SetupApplication$InPlaceInfoflow - - $r7 = interfaceinvoke $r6.<android.database.Cursor: java.lang.String getString(int)>(1) in method <com.adobe.mobile.ThirdPartyQueue: com.adobe.mobile.AbstractHitDatabase$Hit selectOldestHit()>
[main] INFO soot.jimple.infoflow.android.SetupApplication$InPlaceInfoflow - - $r7 = interfaceinvoke $r6.<android.database.Cursor: java.lang.String getString(int)>(2) in method <com.adobe.mobile.ThirdPartyQueue: com.adobe.mobile.AbstractHitDatabase$Hit selectOldestHit()>
[main] INFO soot.jimple.infoflow.android.SetupApplication$InPlaceInfoflow - The sink virtualinvoke $r32.<java.io.OutputStream: void write(byte[],int,int)>(r1, 0, $i0) in method <com.adobe.mobile.RemoteDownload$DownloadFileTask: void run()> was called with values from the following sources:
[main] INFO soot.jimple.infoflow.android.SetupApplication$InPlaceInfoflow - - $r18 = virtualinvoke $r8.<java.net.HttpURLConnection: java.io.InputStream getInputStream()>() in method <com.adobe.mobile.RemoteDownload$DownloadFileTask: void run()>
[main] INFO soot.jimple.infoflow.android.SetupApplication$InPlaceInfoflow - The sink interfaceinvoke $r3.<android.content.SharedPreferences$Editor: android.content.SharedPreferences$Editor putString(java.lang.String,java.lang.String)>("AAMUserProfile", $r4) in method <com.adobe.mobile.AudienceManagerWorker: void SetVisitorProfile(java.util.Map)> was called with values from the following sources:
[main] INFO soot.jimple.infoflow.android.SetupApplication$InPlaceInfoflow - - $r15 = virtualinvoke $r5.<java.net.HttpURLConnection: java.io.InputStream getInputStream()>() in method <com.adobe.mobile.RequestHandler: byte[] retrieveAnalyticsRequestData(java.lang.String,java.lang.String,java.util.Map,int,java.lang.String)>
[main] INFO soot.jimple.infoflow.android.SetupApplication$InPlaceInfoflow - The sink virtualinvoke r0.<nz.co.stuff.android.news.ui.activities.FirstLoadSectionsDownloadActivity: void setResult(int,android.content.Intent)>(-1, $r4) in method <nz.co.stuff.android.news.ui.activities.FirstLoadSectionsDownloadActivity: void finishedConfigAndOrAdFetch()> was called with values from the following sources:
[main] INFO soot.jimple.infoflow.android.SetupApplication$InPlaceInfoflow - - $r1 = interfaceinvoke $r0.<android.database.Cursor: java.lang.String getString(int)>($i0) in method <nz.co.stuff.android.news.util.StuffHelper: java.lang.String getStringOrNull(android.database.Cursor,java.lang.String)>
[main] INFO soot.jimple.infoflow.android.SetupApplication$InPlaceInfoflow - - $r6 = virtualinvoke $r2.<android.content.ContentResolver: android.database.Cursor query(android.net.Uri,java.lang.String[],java.lang.String,java.lang.String[],java.lang.String)>($r5, r1, null, null, "position") in method <nz.co.stuff.android.news.service.PullUpdater: void loadCursorSynchronously()>
[main] INFO soot.jimple.infoflow.android.SetupApplication$InPlaceInfoflow - The sink $r0 = virtualinvoke $r0.<java.lang.String: java.lang.String replace(java.lang.CharSequence,java.lang.CharSequence)>("arn:aws:sns:ap-southeast-2:407466557076:", "") in method <nz.co.stuff.android.news.service.NotificationPreferenceService: java.lang.String makeTopicArnFriendly(java.lang.String)> was called with values from the following sources:
[main] INFO soot.jimple.infoflow.android.SetupApplication$InPlaceInfoflow - - $r1 = interfaceinvoke $r0.<android.database.Cursor: java.lang.String getString(int)>($i0) in method <nz.co.stuff.android.news.util.StuffHelper: java.lang.String getStringOrNull(android.database.Cursor,java.lang.String)>
[main] INFO soot.jimple.infoflow.android.SetupApplication$InPlaceInfoflow - - $r6 = virtualinvoke $r2.<android.content.ContentResolver: android.database.Cursor query(android.net.Uri,java.lang.String[],java.lang.String,java.lang.String[],java.lang.String)>($r5, r1, null, null, "position") in method <nz.co.stuff.android.news.service.PullUpdater: void loadCursorSynchronously()>
[main] INFO soot.jimple.infoflow.android.SetupApplication$InPlaceInfoflow - The sink $r0 = virtualinvoke $r0.<java.lang.String: java.lang.String replace(java.lang.CharSequence,java.lang.CharSequence)>("-", " ") in method <nz.co.stuff.android.news.provider.NewsContract$NewsSection: java.lang.String buildTitleFromPath(java.lang.String)> was called with values from the following sources:
[main] INFO soot.jimple.infoflow.android.SetupApplication$InPlaceInfoflow - - $r1 = interfaceinvoke $r0.<android.database.Cursor: java.lang.String getString(int)>($i0) in method <nz.co.stuff.android.news.util.StuffHelper: java.lang.String getStringOrNull(android.database.Cursor,java.lang.String)>
[main] INFO soot.jimple.infoflow.android.SetupApplication$InPlaceInfoflow - The sink interfaceinvoke $r19.<android.content.SharedPreferences$Editor: android.content.SharedPreferences$Editor putString(java.lang.String,java.lang.String)>("ADBMOBILE_PERSISTED_MID_HINT", $r5) in method <com.adobe.mobile.VisitorIDService$2: void run()> was called with values from the following sources:
[main] INFO soot.jimple.infoflow.android.SetupApplication$InPlaceInfoflow - - $r13 = virtualinvoke r8.<java.net.HttpURLConnection: java.io.InputStream getInputStream()>() in method <com.adobe.mobile.RequestHandler: byte[] retrieveData(java.lang.String,int,java.lang.String,java.util.concurrent.Callable,com.adobe.mobile.RequestHandler$HeaderCallback)>
[main] INFO soot.jimple.infoflow.android.SetupApplication$InPlaceInfoflow - The sink virtualinvoke $r20.<java.io.OutputStream: void write(byte[])>(r4) in method <com.adobe.mobile.RequestHandler: byte[] retrieveAnalyticsRequestData(java.lang.String,java.lang.String,java.util.Map,int,java.lang.String)> was called with values from the following sources:
[main] INFO soot.jimple.infoflow.android.SetupApplication$InPlaceInfoflow - - $r7 = interfaceinvoke $r6.<android.database.Cursor: java.lang.String getString(int)>(1) in method <com.adobe.mobile.AnalyticsWorker: com.adobe.mobile.AbstractHitDatabase$Hit selectOldestHit()>
[main] INFO soot.jimple.infoflow.android.SetupApplication$InPlaceInfoflow - The sink interfaceinvoke $r19.<android.content.SharedPreferences$Editor: android.content.SharedPreferences$Editor putLong(java.lang.String,long)>("ADBMOBILE_VISITORID_TTL", $l0) in method <com.adobe.mobile.VisitorIDService$2: void run()> was called with values from the following sources:
[main] INFO soot.jimple.infoflow.android.SetupApplication$InPlaceInfoflow - - $r13 = virtualinvoke r8.<java.net.HttpURLConnection: java.io.InputStream getInputStream()>() in method <com.adobe.mobile.RequestHandler: byte[] retrieveData(java.lang.String,int,java.lang.String,java.util.concurrent.Callable,com.adobe.mobile.RequestHandler$HeaderCallback)>
[main] INFO soot.jimple.infoflow.android.SetupApplication$InPlaceInfoflow - The sink r1 = virtualinvoke $r9.<java.lang.String: java.lang.String replaceFirst(java.lang.String,java.lang.String)>(r1, $r8) in method <com.adobe.mobile.AnalyticsWorker$1: void run()> was called with values from the following sources:
[main] INFO soot.jimple.infoflow.android.SetupApplication$InPlaceInfoflow - - $r7 = interfaceinvoke $r6.<android.database.Cursor: java.lang.String getString(int)>(1) in method <com.adobe.mobile.AnalyticsWorker: com.adobe.mobile.AbstractHitDatabase$Hit selectOldestHit()>
[main] INFO soot.jimple.infoflow.android.SetupApplication$InPlaceInfoflow - The sink $r0 = virtualinvoke $r0.<java.lang.String: java.lang.String replace(java.lang.CharSequence,java.lang.CharSequence)>("%7E", "~") in method <com.gigya.socialize.GSRequest: java.lang.String UrlEncode(java.lang.String)> was called with values from the following sources:
[main] INFO soot.jimple.infoflow.android.SetupApplication$InPlaceInfoflow - - $r19 = virtualinvoke r11.<java.net.URLConnection: java.io.InputStream getInputStream()>() in method <com.gigya.socialize.GSRequest: com.gigya.socialize.GSResponse sendRequest(java.lang.String,java.lang.String,java.lang.String,com.gigya.socialize.GSObject,java.lang.String,java.lang.String,boolean,boolean,int)>
[main] INFO soot.jimple.infoflow.android.SetupApplication$InPlaceInfoflow - The sink staticinvoke <android.util.Log: int d(java.lang.String,java.lang.String)>("NewsContract", $r0) in method <nz.co.stuff.android.news.provider.NewsContract$NewsSection: java.lang.String parseSectionPathFromUrl(java.lang.String)> was called with values from the following sources:
[main] INFO soot.jimple.infoflow.android.SetupApplication$InPlaceInfoflow - - $r1 = interfaceinvoke $r0.<android.database.Cursor: java.lang.String getString(int)>($i0) in method <nz.co.stuff.android.news.util.StuffHelper: java.lang.String getStringOrNull(android.database.Cursor,java.lang.String)>
[main] INFO soot.jimple.infoflow.android.SetupApplication$InPlaceInfoflow - - $r6 = virtualinvoke $r2.<android.content.ContentResolver: android.database.Cursor query(android.net.Uri,java.lang.String[],java.lang.String,java.lang.String[],java.lang.String)>($r5, r1, null, null, "position") in method <nz.co.stuff.android.news.service.PullUpdater: void loadCursorSynchronously()>
[main] INFO soot.jimple.infoflow.android.SetupApplication$InPlaceInfoflow - The sink interfaceinvoke $r19.<android.content.SharedPreferences$Editor: android.content.SharedPreferences$Editor putString(java.lang.String,java.lang.String)>("ADBMOBILE_PERSISTED_MID_BLOB", $r5) in method <com.adobe.mobile.VisitorIDService$2: void run()> was called with values from the following sources:
[main] INFO soot.jimple.infoflow.android.SetupApplication$InPlaceInfoflow - - $r13 = virtualinvoke r8.<java.net.HttpURLConnection: java.io.InputStream getInputStream()>() in method <com.adobe.mobile.RequestHandler: byte[] retrieveData(java.lang.String,int,java.lang.String,java.util.concurrent.Callable,com.adobe.mobile.RequestHandler$HeaderCallback)>
[main] INFO soot.jimple.infoflow.android.SetupApplication$InPlaceInfoflow - The sink $r0 = virtualinvoke $r0.<java.lang.String: java.lang.String replace(java.lang.CharSequence,java.lang.CharSequence)>("*", "%2A") in method <com.gigya.socialize.GSRequest: java.lang.String UrlEncode(java.lang.String)> was called with values from the following sources:
[main] INFO soot.jimple.infoflow.android.SetupApplication$InPlaceInfoflow - - $r19 = virtualinvoke r11.<java.net.URLConnection: java.io.InputStream getInputStream()>() in method <com.gigya.socialize.GSRequest: com.gigya.socialize.GSResponse sendRequest(java.lang.String,java.lang.String,java.lang.String,com.gigya.socialize.GSObject,java.lang.String,java.lang.String,boolean,boolean,int)>
[main] INFO soot.jimple.infoflow.android.SetupApplication$InPlaceInfoflow - The sink $r15 = virtualinvoke $r6.<java.net.HttpURLConnection: java.io.OutputStream getOutputStream()>() in method <com.adobe.mobile.RequestHandler: boolean sendThirdPartyRequest(java.lang.String,java.lang.String,java.util.Map,int,java.lang.String,java.lang.String)> was called with values from the following sources:
[main] INFO soot.jimple.infoflow.android.SetupApplication$InPlaceInfoflow - - $r7 = interfaceinvoke $r6.<android.database.Cursor: java.lang.String getString(int)>(3) in method <com.adobe.mobile.ThirdPartyQueue: com.adobe.mobile.AbstractHitDatabase$Hit selectOldestHit()>
[main] INFO soot.jimple.infoflow.android.SetupApplication$InPlaceInfoflow - - $r7 = interfaceinvoke $r6.<android.database.Cursor: java.lang.String getString(int)>(1) in method <com.adobe.mobile.ThirdPartyQueue: com.adobe.mobile.AbstractHitDatabase$Hit selectOldestHit()>
[main] INFO soot.jimple.infoflow.android.SetupApplication$InPlaceInfoflow - - $r7 = interfaceinvoke $r6.<android.database.Cursor: java.lang.String getString(int)>(2) in method <com.adobe.mobile.ThirdPartyQueue: com.adobe.mobile.AbstractHitDatabase$Hit selectOldestHit()>
[main] INFO soot.jimple.infoflow.android.SetupApplication$InPlaceInfoflow - The sink virtualinvoke $r21.<java.io.ByteArrayOutputStream: void write(byte[],int,int)>(r4, 0, $i0) in method <com.adobe.mobile.RequestHandler: byte[] retrieveAnalyticsRequestData(java.lang.String,java.lang.String,java.util.Map,int,java.lang.String)> was called with values from the following sources:
[main] INFO soot.jimple.infoflow.android.SetupApplication$InPlaceInfoflow - - $r15 = virtualinvoke $r5.<java.net.HttpURLConnection: java.io.InputStream getInputStream()>() in method <com.adobe.mobile.RequestHandler: byte[] retrieveAnalyticsRequestData(java.lang.String,java.lang.String,java.util.Map,int,java.lang.String)>
[main] INFO soot.jimple.infoflow.android.SetupApplication$InPlaceInfoflow - The sink interfaceinvoke $r19.<android.content.SharedPreferences$Editor: android.content.SharedPreferences$Editor putLong(java.lang.String,long)>("ADBMOBILE_VISITORID_SYNC", $l0) in method <com.adobe.mobile.VisitorIDService$2: void run()> was called with values from the following sources:
[main] INFO soot.jimple.infoflow.android.SetupApplication$InPlaceInfoflow - - $r13 = virtualinvoke r8.<java.net.HttpURLConnection: java.io.InputStream getInputStream()>() in method <com.adobe.mobile.RequestHandler: byte[] retrieveData(java.lang.String,int,java.lang.String,java.util.concurrent.Callable,com.adobe.mobile.RequestHandler$HeaderCallback)>
[main] INFO soot.jimple.infoflow.android.SetupApplication$InPlaceInfoflow - The sink virtualinvoke $r9.<android.content.ContentResolver: int delete(android.net.Uri,java.lang.String,java.lang.String[])>($r10, $r1, r2) in method <nz.co.stuff.android.news.service.SearchService: void dedupeRecentSearches(java.lang.String)> was called with values from the following sources:
[main] INFO soot.jimple.infoflow.android.SetupApplication$InPlaceInfoflow - - $r8 = interfaceinvoke $r5.<android.database.Cursor: java.lang.String getString(int)>($i0) in method <nz.co.stuff.android.news.service.SearchService: java.util.ArrayList getLocalSearchHistory()>
[main] INFO soot.jimple.infoflow.android.SetupApplication$InPlaceInfoflow - - $r8 = interfaceinvoke $r5.<android.database.Cursor: java.lang.String getString(int)>($i0) in method <nz.co.stuff.android.news.service.SearchService: java.util.ArrayList getLocalSearchHistory()>
[main] INFO soot.jimple.infoflow.android.SetupApplication$InPlaceInfoflow - The sink interfaceinvoke $r2.<android.content.SharedPreferences$Editor: android.content.SharedPreferences$Editor putString(java.lang.String,java.lang.String)>("AAMUserId", $r0) in method <com.adobe.mobile.AudienceManagerWorker: void SetUUID(java.lang.String)> was called with values from the following sources:
[main] INFO soot.jimple.infoflow.android.SetupApplication$InPlaceInfoflow - - $r15 = virtualinvoke $r5.<java.net.HttpURLConnection: java.io.InputStream getInputStream()>() in method <com.adobe.mobile.RequestHandler: byte[] retrieveAnalyticsRequestData(java.lang.String,java.lang.String,java.util.Map,int,java.lang.String)>
[main] INFO soot.jimple.infoflow.android.SetupApplication$InPlaceInfoflow - The sink $r18 = virtualinvoke r11.<java.net.URLConnection: java.io.OutputStream getOutputStream()>() in method <com.gigya.socialize.GSRequest: com.gigya.socialize.GSResponse sendRequest(java.lang.String,java.lang.String,java.lang.String,com.gigya.socialize.GSObject,java.lang.String,java.lang.String,boolean,boolean,int)> was called with values from the following sources:
[main] INFO soot.jimple.infoflow.android.SetupApplication$InPlaceInfoflow - - $r19 = virtualinvoke r11.<java.net.URLConnection: java.io.InputStream getInputStream()>() in method <com.gigya.socialize.GSRequest: com.gigya.socialize.GSResponse sendRequest(java.lang.String,java.lang.String,java.lang.String,com.gigya.socialize.GSObject,java.lang.String,java.lang.String,boolean,boolean,int)>
[main] INFO soot.jimple.infoflow.android.SetupApplication$InPlaceInfoflow - The sink staticinvoke <android.util.Log: int e(java.lang.String,java.lang.String)>("ADBMobile", $r0) in method <com.adobe.mobile.StaticMethods: void logErrorFormat(java.lang.String,java.lang.Object[])> was called with values from the following sources:
[main] INFO soot.jimple.infoflow.android.SetupApplication$InPlaceInfoflow - - $r7 = interfaceinvoke $r6.<android.database.Cursor: java.lang.String getString(int)>(3) in method <com.adobe.mobile.ThirdPartyQueue: com.adobe.mobile.AbstractHitDatabase$Hit selectOldestHit()>
[main] INFO soot.jimple.infoflow.android.SetupApplication$InPlaceInfoflow - - $r13 = virtualinvoke r8.<java.net.HttpURLConnection: java.io.InputStream getInputStream()>() in method <com.adobe.mobile.RequestHandler: byte[] retrieveData(java.lang.String,int,java.lang.String,java.util.concurrent.Callable,com.adobe.mobile.RequestHandler$HeaderCallback)>
[main] INFO soot.jimple.infoflow.android.SetupApplication$InPlaceInfoflow - - $r7 = interfaceinvoke $r6.<android.database.Cursor: java.lang.String getString(int)>(1) in method <com.adobe.mobile.ThirdPartyQueue: com.adobe.mobile.AbstractHitDatabase$Hit selectOldestHit()>
[main] INFO soot.jimple.infoflow.android.SetupApplication$InPlaceInfoflow - - $r7 = interfaceinvoke $r6.<android.database.Cursor: java.lang.String getString(int)>(2) in method <com.adobe.mobile.ThirdPartyQueue: com.adobe.mobile.AbstractHitDatabase$Hit selectOldestHit()>
[main] INFO soot.jimple.infoflow.android.SetupApplication$InPlaceInfoflow - The sink $r16 = virtualinvoke $r6.<java.net.HttpURLConnection: java.io.InputStream getInputStream()>() in method <com.adobe.mobile.RequestHandler: boolean sendThirdPartyRequest(java.lang.String,java.lang.String,java.util.Map,int,java.lang.String,java.lang.String)> was called with values from the following sources:
[main] INFO soot.jimple.infoflow.android.SetupApplication$InPlaceInfoflow - - $r7 = interfaceinvoke $r6.<android.database.Cursor: java.lang.String getString(int)>(3) in method <com.adobe.mobile.ThirdPartyQueue: com.adobe.mobile.AbstractHitDatabase$Hit selectOldestHit()>
[main] INFO soot.jimple.infoflow.android.SetupApplication$InPlaceInfoflow - - $r7 = interfaceinvoke $r6.<android.database.Cursor: java.lang.String getString(int)>(1) in method <com.adobe.mobile.ThirdPartyQueue: com.adobe.mobile.AbstractHitDatabase$Hit selectOldestHit()>
[main] INFO soot.jimple.infoflow.android.SetupApplication$InPlaceInfoflow - - $r7 = interfaceinvoke $r6.<android.database.Cursor: java.lang.String getString(int)>(2) in method <com.adobe.mobile.ThirdPartyQueue: com.adobe.mobile.AbstractHitDatabase$Hit selectOldestHit()>
[main] INFO soot.jimple.infoflow.android.SetupApplication$InPlaceInfoflow - The sink $r6 = virtualinvoke $r2.<android.content.ContentResolver: android.database.Cursor query(android.net.Uri,java.lang.String[],java.lang.String,java.lang.String[],java.lang.String)>($r5, r1, null, null, "position") in method <nz.co.stuff.android.news.service.PullUpdater: void loadCursorSynchronously()> was called with values from the following sources:
[main] INFO soot.jimple.infoflow.android.SetupApplication$InPlaceInfoflow - - $r1 = interfaceinvoke $r0.<android.database.Cursor: java.lang.String getString(int)>($i0) in method <nz.co.stuff.android.news.util.StuffHelper: java.lang.String getStringOrNull(android.database.Cursor,java.lang.String)>
[main] INFO soot.jimple.infoflow.android.SetupApplication$InPlaceInfoflow - - $r6 = virtualinvoke $r2.<android.content.ContentResolver: android.database.Cursor query(android.net.Uri,java.lang.String[],java.lang.String,java.lang.String[],java.lang.String)>($r5, r1, null, null, "position") in method <nz.co.stuff.android.news.service.PullUpdater: void loadCursorSynchronously()>
[main] INFO soot.jimple.infoflow.android.SetupApplication$InPlaceInfoflow - The sink interfaceinvoke $r2.<android.content.SharedPreferences$Editor: android.content.SharedPreferences$Editor putString(java.lang.String,java.lang.String)>("lastLoginProvider", $r1) in method <com.gigya.socialize.android.GSAPI: void setLastLoginProvider(java.lang.String)> was called with values from the following sources:
[main] INFO soot.jimple.infoflow.android.SetupApplication$InPlaceInfoflow - - $r19 = virtualinvoke r11.<java.net.URLConnection: java.io.InputStream getInputStream()>() in method <com.gigya.socialize.GSRequest: com.gigya.socialize.GSResponse sendRequest(java.lang.String,java.lang.String,java.lang.String,com.gigya.socialize.GSObject,java.lang.String,java.lang.String,boolean,boolean,int)>
[main] INFO soot.jimple.infoflow.android.SetupApplication$InPlaceInfoflow - The sink $r0 = virtualinvoke $r0.<java.lang.String: java.lang.String replace(java.lang.CharSequence,java.lang.CharSequence)>($r6, $r7) in method <com.facebook.internal.Logger: java.lang.String replaceStrings(java.lang.String)> was called with values from the following sources:
[main] INFO soot.jimple.infoflow.android.SetupApplication$InPlaceInfoflow - - $r4 = virtualinvoke $r0.<java.net.HttpURLConnection: java.io.InputStream getInputStream()>() in method <com.facebook.GraphResponse: java.util.List fromHttpConnection(java.net.HttpURLConnection,com.facebook.GraphRequestBatch)>
[main] INFO soot.jimple.infoflow.android.SetupApplication$InPlaceInfoflow - The sink interfaceinvoke $r19.<android.content.SharedPreferences$Editor: android.content.SharedPreferences$Editor putString(java.lang.String,java.lang.String)>("ADBMOBILE_PERSISTED_MID", $r5) in method <com.adobe.mobile.VisitorIDService$2: void run()> was called with values from the following sources:
[main] INFO soot.jimple.infoflow.android.SetupApplication$InPlaceInfoflow - - $r13 = virtualinvoke r8.<java.net.HttpURLConnection: java.io.InputStream getInputStream()>() in method <com.adobe.mobile.RequestHandler: byte[] retrieveData(java.lang.String,int,java.lang.String,java.util.concurrent.Callable,com.adobe.mobile.RequestHandler$HeaderCallback)>
[main] INFO soot.jimple.infoflow.android.SetupApplication$InPlaceInfoflow - The sink staticinvoke <android.util.Log: int w(java.lang.String,java.lang.String)>("ADBMobile", $r0) in method <com.adobe.mobile.StaticMethods: void logWarningFormat(java.lang.String,java.lang.Object[])> was called with values from the following sources:
[main] INFO soot.jimple.infoflow.android.SetupApplication$InPlaceInfoflow - - $r7 = interfaceinvoke $r6.<android.database.Cursor: java.lang.String getString(int)>(1) in method <com.adobe.mobile.ThirdPartyQueue: com.adobe.mobile.AbstractHitDatabase$Hit selectOldestHit()>
[main] INFO soot.jimple.infoflow.android.SetupApplication$InPlaceInfoflow - - $r15 = virtualinvoke $r5.<java.net.HttpURLConnection: java.io.InputStream getInputStream()>() in method <com.adobe.mobile.RequestHandler: byte[] retrieveAnalyticsRequestData(java.lang.String,java.lang.String,java.util.Map,int,java.lang.String)>
[main] INFO soot.jimple.infoflow.android.SetupApplication$InPlaceInfoflow - The sink virtualinvoke $r31.<java.io.ByteArrayOutputStream: void write(byte[],int,int)>(r5, 0, $i0) in method <com.adobe.mobile.RequestHandler: byte[] retrieveData(java.lang.String,int,java.lang.String,java.util.concurrent.Callable,com.adobe.mobile.RequestHandler$HeaderCallback)> was called with values from the following sources:
[main] INFO soot.jimple.infoflow.android.SetupApplication$InPlaceInfoflow - - $r13 = virtualinvoke r8.<java.net.HttpURLConnection: java.io.InputStream getInputStream()>() in method <com.adobe.mobile.RequestHandler: byte[] retrieveData(java.lang.String,int,java.lang.String,java.util.concurrent.Callable,com.adobe.mobile.RequestHandler$HeaderCallback)>
[main] INFO soot.jimple.infoflow.android.SetupApplication$InPlaceInfoflow - The sink virtualinvoke $r3.<android.content.Context: android.content.ComponentName startService(android.content.Intent)>($r4) in method <nz.co.stuff.android.news.service.SyncService$Builder: void commit()> was called with values from the following sources:
[main] INFO soot.jimple.infoflow.android.SetupApplication$InPlaceInfoflow - - $r1 = interfaceinvoke $r0.<android.database.Cursor: java.lang.String getString(int)>($i0) in method <nz.co.stuff.android.news.util.StuffHelper: java.lang.String getStringOrNull(android.database.Cursor,java.lang.String)>
[main] INFO soot.jimple.infoflow.android.SetupApplication$InPlaceInfoflow - - $r6 = virtualinvoke $r2.<android.content.ContentResolver: android.database.Cursor query(android.net.Uri,java.lang.String[],java.lang.String,java.lang.String[],java.lang.String)>($r5, r1, null, null, "position") in method <nz.co.stuff.android.news.service.PullUpdater: void loadCursorSynchronously()>
[main] INFO soot.jimple.infoflow.android.SetupApplication$InPlaceInfoflow - Data flow solver took 14 seconds. Maximum memory consumption: 852 MB
[main] INFO soot.jimple.infoflow.android.SetupApplication - Found 46 leaks
[FlowDroid Timeout Watcher] INFO soot.jimple.infoflow.memory.FlowDroidTimeoutWatcher - FlowDroid timeout watcher terminated
