[main] WARN soot.jimple.infoflow.methodSummary.data.provider.LazySummaryProvider - Lazy loading summaries from a jar/zip file might throw a ClosedChannelException. Use the EagerSummaryProvider instead.
[main] INFO soot.jimple.infoflow.cmd.MainClass - Analyzing app /home/yacine/Art/static_analysis/APKs/com.hawaiianairlines.app.apk (1 of 1)...
[main] INFO soot.jimple.infoflow.android.SetupApplication - Initializing Soot...
[main] INFO soot.jimple.infoflow.android.SetupApplication - Loading dex files...
[main] WARN soot.dexpler.DexFileProvider - Multiple dex files detected, only processing 'classes.dex'. Use '-process-multiple-dex' option to process them all.
[main] INFO soot.jimple.infoflow.android.SetupApplication - ARSC file parsing took 0.126697966 seconds
[main] INFO soot.jimple.infoflow.memory.MemoryWarningSystem - Registered a memory warning system for 14,450.4 MiB
[main] INFO soot.jimple.infoflow.memory.FlowDroidTimeoutWatcher - FlowDroid timeout watcher started
[main] INFO soot.jimple.infoflow.android.entryPointCreators.AndroidEntryPointCreator - Creating Android entry point for 81 components...
[main] INFO soot.jimple.infoflow.android.SetupApplication - Constructing the callgraph...
[main] WARN soot.jimple.infoflow.android.resources.LayoutFileParser - Layout class aero.panasonic.companion.view.widget.RestorePositionRecyclerView is not derived from android.view.View
[main] WARN soot.jimple.infoflow.android.resources.LayoutFileParser - Layout class aero.panasonic.companion.view.widget.RestorePositionRecyclerView is not derived from android.view.View
[main] WARN soot.jimple.infoflow.android.resources.LayoutFileParser - Layout class aero.panasonic.companion.view.widget.TruncationTextView is not derived from android.view.View
[main] WARN soot.jimple.infoflow.android.resources.LayoutFileParser - Layout class aero.panasonic.companion.view.widget.RestorePositionRecyclerView is not derived from android.view.View
[main] WARN soot.jimple.infoflow.android.resources.LayoutFileParser - Layout class aero.panasonic.companion.view.widget.CustomFab is not derived from android.view.View
[main] WARN soot.jimple.infoflow.android.resources.LayoutFileParser - Layout class aero.panasonic.companion.view.widget.TruncationTextView is not derived from android.view.View
[main] WARN soot.jimple.infoflow.android.resources.LayoutFileParser - Layout class aero.panasonic.companion.view.widget.TruncationTextView is not derived from android.view.View
[main] WARN soot.jimple.infoflow.android.resources.LayoutFileParser - Layout class aero.panasonic.companion.view.widget.TruncationTextView is not derived from android.view.View
[main] WARN soot.jimple.infoflow.android.resources.LayoutFileParser - Layout class aero.panasonic.companion.view.widget.ScrollingMediaLayout is not derived from android.view.View
[main] WARN soot.jimple.infoflow.android.resources.LayoutFileParser - Layout class aero.panasonic.companion.view.widget.CustomViewPager is not derived from android.view.View
[main] WARN soot.jimple.infoflow.android.resources.LayoutFileParser - Layout class aero.panasonic.companion.view.widget.TruncationTextView is not derived from android.view.View
[main] WARN soot.jimple.infoflow.android.resources.LayoutFileParser - Layout class aero.panasonic.companion.view.featured.template1.FeaturedTemplateRecyclerView1 is not derived from android.view.View
[main] WARN soot.jimple.infoflow.android.resources.LayoutFileParser - Layout class aero.panasonic.companion.view.featured.template2.FeaturedTemplateRecyclerView2 is not derived from android.view.View
[main] WARN soot.jimple.infoflow.android.resources.LayoutFileParser - Layout class aero.panasonic.companion.view.widget.RestorePositionRecyclerView is not derived from android.view.View
[main] WARN soot.jimple.infoflow.android.resources.LayoutFileParser - Layout class aero.panasonic.companion.view.entertainment.detail.BundleChildrenLayout is not derived from android.view.View
[main] WARN soot.jimple.infoflow.android.resources.LayoutFileParser - Layout class aero.panasonic.companion.view.widget.TruncationTextView is not derived from android.view.View
[main] WARN soot.jimple.infoflow.android.resources.LayoutFileParser - Layout class aero.panasonic.companion.view.widget.TruncationTextView is not derived from android.view.View
[main] WARN soot.jimple.infoflow.android.resources.LayoutFileParser - Layout class aero.panasonic.companion.view.widget.GridRecyclerView is not derived from android.view.View
[main] WARN soot.jimple.infoflow.android.resources.LayoutFileParser - Layout class aero.panasonic.companion.view.widget.RearrangeRecyclerView is not derived from android.view.View
[main] WARN soot.jimple.infoflow.android.resources.LayoutFileParser - Layout class aero.panasonic.companion.view.widget.CustomFab is not derived from android.view.View
[main] WARN soot.jimple.infoflow.android.resources.LayoutFileParser - Layout class aero.panasonic.companion.view.widget.ScrollingMediaLayout is not derived from android.view.View
[main] WARN soot.jimple.infoflow.android.resources.LayoutFileParser - Layout class aero.panasonic.companion.view.widget.TruncationTextView is not derived from android.view.View
[main] WARN soot.jimple.infoflow.android.resources.LayoutFileParser - Layout class aero.panasonic.companion.view.widget.TruncationTextView is not derived from android.view.View
[main] WARN soot.jimple.infoflow.android.resources.LayoutFileParser - Layout class aero.panasonic.companion.view.widget.TruncationTextView is not derived from android.view.View
[main] WARN soot.jimple.infoflow.android.resources.LayoutFileParser - Layout class aero.panasonic.companion.view.widget.TruncationTextView is not derived from android.view.View
[main] WARN soot.jimple.infoflow.android.resources.LayoutFileParser - Layout class aero.panasonic.companion.view.widget.TruncationTextView is not derived from android.view.View
[main] INFO soot.jimple.infoflow.android.callbacks.DefaultCallbackAnalyzer - Collecting callbacks in DEFAULT mode...
[main] INFO soot.jimple.infoflow.android.callbacks.DefaultCallbackAnalyzer - Callback analysis done.
[main] WARN soot.jimple.infoflow.android.resources.LayoutFileParser - Layout class aero.panasonic.companion.view.widget.RestorePositionRecyclerView is not derived from android.view.View
[main] WARN soot.jimple.infoflow.android.resources.LayoutFileParser - Layout class aero.panasonic.companion.view.widget.RestorePositionRecyclerView is not derived from android.view.View
[main] WARN soot.jimple.infoflow.android.resources.LayoutFileParser - Layout class aero.panasonic.companion.view.widget.TruncationTextView is not derived from android.view.View
[main] WARN soot.jimple.infoflow.android.resources.LayoutFileParser - Layout class aero.panasonic.companion.view.widget.RestorePositionRecyclerView is not derived from android.view.View
[main] WARN soot.jimple.infoflow.android.resources.LayoutFileParser - Layout class aero.panasonic.companion.view.widget.CustomFab is not derived from android.view.View
[main] WARN soot.jimple.infoflow.android.resources.LayoutFileParser - Layout class aero.panasonic.companion.view.widget.TruncationTextView is not derived from android.view.View
[main] WARN soot.jimple.infoflow.android.resources.LayoutFileParser - Layout class aero.panasonic.companion.view.widget.TruncationTextView is not derived from android.view.View
[main] WARN soot.jimple.infoflow.android.resources.LayoutFileParser - Layout class aero.panasonic.companion.view.widget.TruncationTextView is not derived from android.view.View
[main] WARN soot.jimple.infoflow.android.resources.LayoutFileParser - Layout class aero.panasonic.companion.view.widget.ScrollingMediaLayout is not derived from android.view.View
[main] WARN soot.jimple.infoflow.android.resources.LayoutFileParser - Layout class aero.panasonic.companion.view.widget.CustomViewPager is not derived from android.view.View
[main] WARN soot.jimple.infoflow.android.resources.LayoutFileParser - Layout class aero.panasonic.companion.view.widget.TruncationTextView is not derived from android.view.View
[main] WARN soot.jimple.infoflow.android.resources.LayoutFileParser - Layout class aero.panasonic.companion.view.featured.template1.FeaturedTemplateRecyclerView1 is not derived from android.view.View
[main] WARN soot.jimple.infoflow.android.resources.LayoutFileParser - Layout class aero.panasonic.companion.view.featured.template2.FeaturedTemplateRecyclerView2 is not derived from android.view.View
[main] WARN soot.jimple.infoflow.android.resources.LayoutFileParser - Layout class aero.panasonic.companion.view.widget.RestorePositionRecyclerView is not derived from android.view.View
[main] WARN soot.jimple.infoflow.android.resources.LayoutFileParser - Layout class aero.panasonic.companion.view.entertainment.detail.BundleChildrenLayout is not derived from android.view.View
[main] WARN soot.jimple.infoflow.android.resources.LayoutFileParser - Layout class aero.panasonic.companion.view.widget.TruncationTextView is not derived from android.view.View
[main] WARN soot.jimple.infoflow.android.resources.LayoutFileParser - Layout class aero.panasonic.companion.view.widget.TruncationTextView is not derived from android.view.View
[main] WARN soot.jimple.infoflow.android.resources.LayoutFileParser - Layout class aero.panasonic.companion.view.widget.GridRecyclerView is not derived from android.view.View
[main] WARN soot.jimple.infoflow.android.resources.LayoutFileParser - Layout class aero.panasonic.companion.view.widget.RearrangeRecyclerView is not derived from android.view.View
[main] WARN soot.jimple.infoflow.android.resources.LayoutFileParser - Layout class aero.panasonic.companion.view.widget.CustomFab is not derived from android.view.View
[main] WARN soot.jimple.infoflow.android.resources.LayoutFileParser - Layout class aero.panasonic.companion.view.widget.ScrollingMediaLayout is not derived from android.view.View
[main] WARN soot.jimple.infoflow.android.resources.LayoutFileParser - Layout class aero.panasonic.companion.view.widget.TruncationTextView is not derived from android.view.View
[main] WARN soot.jimple.infoflow.android.resources.LayoutFileParser - Layout class aero.panasonic.companion.view.widget.TruncationTextView is not derived from android.view.View
[main] WARN soot.jimple.infoflow.android.resources.LayoutFileParser - Layout class aero.panasonic.companion.view.widget.TruncationTextView is not derived from android.view.View
[main] WARN soot.jimple.infoflow.android.resources.LayoutFileParser - Layout class aero.panasonic.companion.view.widget.TruncationTextView is not derived from android.view.View
[main] WARN soot.jimple.infoflow.android.resources.LayoutFileParser - Layout class aero.panasonic.companion.view.widget.TruncationTextView is not derived from android.view.View
[main] INFO soot.jimple.infoflow.android.entryPointCreators.AndroidEntryPointCreator - Creating Android entry point for 81 components...
[main] WARN soot.jimple.infoflow.android.entryPointCreators.components.FragmentEntryPointCreator - Cannot generate constructor for phantom class androidx.fragment.app.Fragment
[main] WARN soot.jimple.infoflow.android.entryPointCreators.components.ActivityEntryPointCreator - Cannot create valid constructor for aero.panasonic.companion.view.player.livetv.LiveTVMediaPlayerSkin$SystemUICallback, because it is an interface and cannot substitute with subclass
[main] WARN soot.jimple.infoflow.android.entryPointCreators.components.ActivityEntryPointCreator - Cannot create valid constructor for aero.panasonic.companion.view.player.MediaPlayerSkin1$CloseHandler, because it is an interface and cannot substitute with subclass
[main] WARN soot.jimple.infoflow.android.entryPointCreators.components.ActivityEntryPointCreator - Cannot create valid constructor for aero.panasonic.companion.userdata.UserDataStore, because it is an interface and cannot substitute with subclass
[main] WARN soot.jimple.infoflow.android.entryPointCreators.components.ActivityEntryPointCreator - Cannot create valid constructor for aero.panasonic.companion.model.media.dao.MediaDao, because it is an interface and cannot substitute with subclass
[main] WARN soot.jimple.infoflow.android.entryPointCreators.components.ActivityEntryPointCreator - Cannot generate constructor for phantom class com.fasterxml.jackson.databind.ObjectMapper
[main] WARN soot.jimple.infoflow.android.entryPointCreators.components.ActivityEntryPointCreator - Cannot create valid constructor for aero.panasonic.companion.model.network.NetworkDao, because it is an interface and cannot substitute with subclass
[main] INFO soot.jimple.infoflow.android.SetupApplication - Constructing the callgraph...
[main] WARN soot.jimple.infoflow.android.resources.LayoutFileParser - Layout class aero.panasonic.companion.view.widget.RestorePositionRecyclerView is not derived from android.view.View
[main] WARN soot.jimple.infoflow.android.resources.LayoutFileParser - Layout class aero.panasonic.companion.view.widget.RestorePositionRecyclerView is not derived from android.view.View
[main] WARN soot.jimple.infoflow.android.resources.LayoutFileParser - Layout class aero.panasonic.companion.view.widget.TruncationTextView is not derived from android.view.View
[main] WARN soot.jimple.infoflow.android.resources.LayoutFileParser - Layout class aero.panasonic.companion.view.widget.RestorePositionRecyclerView is not derived from android.view.View
[main] WARN soot.jimple.infoflow.android.resources.LayoutFileParser - Layout class aero.panasonic.companion.view.widget.CustomFab is not derived from android.view.View
[main] WARN soot.jimple.infoflow.android.resources.LayoutFileParser - Layout class aero.panasonic.companion.view.widget.TruncationTextView is not derived from android.view.View
[main] WARN soot.jimple.infoflow.android.resources.LayoutFileParser - Layout class aero.panasonic.companion.view.widget.TruncationTextView is not derived from android.view.View
[main] WARN soot.jimple.infoflow.android.resources.LayoutFileParser - Layout class aero.panasonic.companion.view.widget.TruncationTextView is not derived from android.view.View
[main] WARN soot.jimple.infoflow.android.resources.LayoutFileParser - Layout class aero.panasonic.companion.view.widget.ScrollingMediaLayout is not derived from android.view.View
[main] WARN soot.jimple.infoflow.android.resources.LayoutFileParser - Layout class aero.panasonic.companion.view.widget.CustomViewPager is not derived from android.view.View
[main] WARN soot.jimple.infoflow.android.resources.LayoutFileParser - Layout class aero.panasonic.companion.view.widget.TruncationTextView is not derived from android.view.View
[main] WARN soot.jimple.infoflow.android.resources.LayoutFileParser - Layout class aero.panasonic.companion.view.featured.template1.FeaturedTemplateRecyclerView1 is not derived from android.view.View
[main] WARN soot.jimple.infoflow.android.resources.LayoutFileParser - Layout class aero.panasonic.companion.view.featured.template2.FeaturedTemplateRecyclerView2 is not derived from android.view.View
[main] WARN soot.jimple.infoflow.android.resources.LayoutFileParser - Layout class aero.panasonic.companion.view.widget.RestorePositionRecyclerView is not derived from android.view.View
[main] WARN soot.jimple.infoflow.android.resources.LayoutFileParser - Layout class aero.panasonic.companion.view.entertainment.detail.BundleChildrenLayout is not derived from android.view.View
[main] WARN soot.jimple.infoflow.android.resources.LayoutFileParser - Layout class aero.panasonic.companion.view.widget.TruncationTextView is not derived from android.view.View
[main] WARN soot.jimple.infoflow.android.resources.LayoutFileParser - Layout class aero.panasonic.companion.view.widget.TruncationTextView is not derived from android.view.View
[main] WARN soot.jimple.infoflow.android.resources.LayoutFileParser - Layout class aero.panasonic.companion.view.widget.GridRecyclerView is not derived from android.view.View
[main] WARN soot.jimple.infoflow.android.resources.LayoutFileParser - Layout class aero.panasonic.companion.view.widget.RearrangeRecyclerView is not derived from android.view.View
[main] WARN soot.jimple.infoflow.android.resources.LayoutFileParser - Layout class aero.panasonic.companion.view.widget.CustomFab is not derived from android.view.View
[main] WARN soot.jimple.infoflow.android.resources.LayoutFileParser - Layout class aero.panasonic.companion.view.widget.ScrollingMediaLayout is not derived from android.view.View
[main] WARN soot.jimple.infoflow.android.resources.LayoutFileParser - Layout class aero.panasonic.companion.view.widget.TruncationTextView is not derived from android.view.View
[main] WARN soot.jimple.infoflow.android.resources.LayoutFileParser - Layout class aero.panasonic.companion.view.widget.TruncationTextView is not derived from android.view.View
[main] WARN soot.jimple.infoflow.android.resources.LayoutFileParser - Layout class aero.panasonic.companion.view.widget.TruncationTextView is not derived from android.view.View
[main] WARN soot.jimple.infoflow.android.resources.LayoutFileParser - Layout class aero.panasonic.companion.view.widget.TruncationTextView is not derived from android.view.View
[main] WARN soot.jimple.infoflow.android.resources.LayoutFileParser - Layout class aero.panasonic.companion.view.widget.TruncationTextView is not derived from android.view.View
[main] INFO soot.jimple.infoflow.android.callbacks.DefaultCallbackAnalyzer - Running incremental callback analysis for 38 components...
[main] INFO soot.jimple.infoflow.android.callbacks.DefaultCallbackAnalyzer - Incremental callback analysis done.
[main] INFO soot.jimple.infoflow.android.entryPointCreators.AndroidEntryPointCreator - Creating Android entry point for 81 components...
[main] WARN soot.jimple.infoflow.android.entryPointCreators.components.FragmentEntryPointCreator - Cannot generate constructor for phantom class androidx.fragment.app.Fragment
[main] WARN soot.jimple.infoflow.android.entryPointCreators.components.ActivityEntryPointCreator - Cannot create valid constructor for aero.panasonic.companion.view.player.livetv.LiveTVMediaPlayerSkin$SystemUICallback, because it is an interface and cannot substitute with subclass
[main] WARN soot.jimple.infoflow.android.entryPointCreators.components.ActivityEntryPointCreator - Cannot generate constructor for phantom class androidx.fragment.app.Fragment
[main] WARN soot.jimple.infoflow.android.entryPointCreators.components.ActivityEntryPointCreator - Cannot create valid constructor for aero.panasonic.companion.view.player.MediaPlayerSkin1$CloseHandler, because it is an interface and cannot substitute with subclass
[main] WARN soot.jimple.infoflow.android.entryPointCreators.components.ActivityEntryPointCreator - Cannot create valid constructor for aero.panasonic.companion.userdata.UserDataStore, because it is an interface and cannot substitute with subclass
[main] WARN soot.jimple.infoflow.android.entryPointCreators.components.ActivityEntryPointCreator - Cannot create valid constructor for aero.panasonic.companion.model.media.dao.MediaDao, because it is an interface and cannot substitute with subclass
[main] WARN soot.jimple.infoflow.android.entryPointCreators.components.ActivityEntryPointCreator - Cannot generate constructor for phantom class com.fasterxml.jackson.databind.ObjectMapper
[main] WARN soot.jimple.infoflow.android.entryPointCreators.components.ActivityEntryPointCreator - Cannot create valid constructor for aero.panasonic.companion.model.network.NetworkDao, because it is an interface and cannot substitute with subclass
[main] WARN soot.jimple.infoflow.android.entryPointCreators.components.ActivityEntryPointCreator - Cannot create valid constructor for aero.panasonic.companion.view.appinfo.ParentalControlsActivity$OnDialogClickListener, because it is an interface and cannot substitute with subclass
[main] INFO soot.jimple.infoflow.android.SetupApplication - Constructing the callgraph...
[main] WARN soot.jimple.infoflow.android.resources.LayoutFileParser - Layout class aero.panasonic.companion.view.widget.RestorePositionRecyclerView is not derived from android.view.View
[main] WARN soot.jimple.infoflow.android.resources.LayoutFileParser - Layout class aero.panasonic.companion.view.widget.RestorePositionRecyclerView is not derived from android.view.View
[main] WARN soot.jimple.infoflow.android.resources.LayoutFileParser - Layout class aero.panasonic.companion.view.widget.TruncationTextView is not derived from android.view.View
[main] WARN soot.jimple.infoflow.android.resources.LayoutFileParser - Layout class aero.panasonic.companion.view.widget.RestorePositionRecyclerView is not derived from android.view.View
[main] WARN soot.jimple.infoflow.android.resources.LayoutFileParser - Layout class aero.panasonic.companion.view.widget.CustomFab is not derived from android.view.View
[main] WARN soot.jimple.infoflow.android.resources.LayoutFileParser - Layout class aero.panasonic.companion.view.widget.TruncationTextView is not derived from android.view.View
[main] WARN soot.jimple.infoflow.android.resources.LayoutFileParser - Layout class aero.panasonic.companion.view.widget.TruncationTextView is not derived from android.view.View
[main] WARN soot.jimple.infoflow.android.resources.LayoutFileParser - Layout class aero.panasonic.companion.view.widget.TruncationTextView is not derived from android.view.View
[main] WARN soot.jimple.infoflow.android.resources.LayoutFileParser - Layout class aero.panasonic.companion.view.widget.ScrollingMediaLayout is not derived from android.view.View
[main] WARN soot.jimple.infoflow.android.resources.LayoutFileParser - Layout class aero.panasonic.companion.view.widget.CustomViewPager is not derived from android.view.View
[main] WARN soot.jimple.infoflow.android.resources.LayoutFileParser - Layout class aero.panasonic.companion.view.widget.TruncationTextView is not derived from android.view.View
[main] WARN soot.jimple.infoflow.android.resources.LayoutFileParser - Layout class aero.panasonic.companion.view.featured.template1.FeaturedTemplateRecyclerView1 is not derived from android.view.View
[main] WARN soot.jimple.infoflow.android.resources.LayoutFileParser - Layout class aero.panasonic.companion.view.featured.template2.FeaturedTemplateRecyclerView2 is not derived from android.view.View
[main] WARN soot.jimple.infoflow.android.resources.LayoutFileParser - Layout class aero.panasonic.companion.view.widget.RestorePositionRecyclerView is not derived from android.view.View
[main] WARN soot.jimple.infoflow.android.resources.LayoutFileParser - Layout class aero.panasonic.companion.view.entertainment.detail.BundleChildrenLayout is not derived from android.view.View
[main] WARN soot.jimple.infoflow.android.resources.LayoutFileParser - Layout class aero.panasonic.companion.view.widget.TruncationTextView is not derived from android.view.View
[main] WARN soot.jimple.infoflow.android.resources.LayoutFileParser - Layout class aero.panasonic.companion.view.widget.TruncationTextView is not derived from android.view.View
[main] WARN soot.jimple.infoflow.android.resources.LayoutFileParser - Layout class aero.panasonic.companion.view.widget.GridRecyclerView is not derived from android.view.View
[main] WARN soot.jimple.infoflow.android.resources.LayoutFileParser - Layout class aero.panasonic.companion.view.widget.RearrangeRecyclerView is not derived from android.view.View
[main] WARN soot.jimple.infoflow.android.resources.LayoutFileParser - Layout class aero.panasonic.companion.view.widget.CustomFab is not derived from android.view.View
[main] WARN soot.jimple.infoflow.android.resources.LayoutFileParser - Layout class aero.panasonic.companion.view.widget.ScrollingMediaLayout is not derived from android.view.View
[main] WARN soot.jimple.infoflow.android.resources.LayoutFileParser - Layout class aero.panasonic.companion.view.widget.TruncationTextView is not derived from android.view.View
[main] WARN soot.jimple.infoflow.android.resources.LayoutFileParser - Layout class aero.panasonic.companion.view.widget.TruncationTextView is not derived from android.view.View
[main] WARN soot.jimple.infoflow.android.resources.LayoutFileParser - Layout class aero.panasonic.companion.view.widget.TruncationTextView is not derived from android.view.View
[main] WARN soot.jimple.infoflow.android.resources.LayoutFileParser - Layout class aero.panasonic.companion.view.widget.TruncationTextView is not derived from android.view.View
[main] WARN soot.jimple.infoflow.android.resources.LayoutFileParser - Layout class aero.panasonic.companion.view.widget.TruncationTextView is not derived from android.view.View
[main] INFO soot.jimple.infoflow.android.callbacks.DefaultCallbackAnalyzer - Running incremental callback analysis for 31 components...
[main] INFO soot.jimple.infoflow.android.callbacks.DefaultCallbackAnalyzer - Incremental callback analysis done.
[main] INFO soot.jimple.infoflow.android.entryPointCreators.AndroidEntryPointCreator - Creating Android entry point for 81 components...
[main] WARN soot.jimple.infoflow.android.entryPointCreators.components.FragmentEntryPointCreator - Cannot generate constructor for phantom class androidx.fragment.app.Fragment
[main] WARN soot.jimple.infoflow.android.entryPointCreators.components.ActivityEntryPointCreator - Cannot create valid constructor for aero.panasonic.companion.view.player.livetv.LiveTVMediaPlayerSkin$SystemUICallback, because it is an interface and cannot substitute with subclass
[main] WARN soot.jimple.infoflow.android.entryPointCreators.components.ActivityEntryPointCreator - Cannot generate constructor for phantom class androidx.fragment.app.Fragment
[main] WARN soot.jimple.infoflow.android.entryPointCreators.components.ActivityEntryPointCreator - Cannot create valid constructor for aero.panasonic.companion.view.player.MediaPlayerSkin1$CloseHandler, because it is an interface and cannot substitute with subclass
[main] WARN soot.jimple.infoflow.android.entryPointCreators.components.ActivityEntryPointCreator - Cannot create valid constructor for aero.panasonic.companion.userdata.UserDataStore, because it is an interface and cannot substitute with subclass
[main] WARN soot.jimple.infoflow.android.entryPointCreators.components.ActivityEntryPointCreator - Cannot create valid constructor for aero.panasonic.companion.model.media.dao.MediaDao, because it is an interface and cannot substitute with subclass
[main] WARN soot.jimple.infoflow.android.entryPointCreators.components.ActivityEntryPointCreator - Cannot generate constructor for phantom class com.fasterxml.jackson.databind.ObjectMapper
[main] WARN soot.jimple.infoflow.android.entryPointCreators.components.ActivityEntryPointCreator - Cannot create valid constructor for aero.panasonic.companion.model.network.NetworkDao, because it is an interface and cannot substitute with subclass
[main] WARN soot.jimple.infoflow.android.entryPointCreators.components.ActivityEntryPointCreator - Cannot create valid constructor for aero.panasonic.companion.view.appinfo.ParentalControlsActivity$OnDialogClickListener, because it is an interface and cannot substitute with subclass
[main] INFO soot.jimple.infoflow.android.SetupApplication - Constructing the callgraph...
[main] WARN soot.jimple.infoflow.android.resources.LayoutFileParser - Layout class aero.panasonic.companion.view.widget.RestorePositionRecyclerView is not derived from android.view.View
[main] WARN soot.jimple.infoflow.android.resources.LayoutFileParser - Layout class aero.panasonic.companion.view.widget.RestorePositionRecyclerView is not derived from android.view.View
[main] WARN soot.jimple.infoflow.android.resources.LayoutFileParser - Layout class aero.panasonic.companion.view.widget.TruncationTextView is not derived from android.view.View
[main] WARN soot.jimple.infoflow.android.resources.LayoutFileParser - Layout class aero.panasonic.companion.view.widget.RestorePositionRecyclerView is not derived from android.view.View
[main] WARN soot.jimple.infoflow.android.resources.LayoutFileParser - Layout class aero.panasonic.companion.view.widget.CustomFab is not derived from android.view.View
[main] WARN soot.jimple.infoflow.android.resources.LayoutFileParser - Layout class aero.panasonic.companion.view.widget.TruncationTextView is not derived from android.view.View
[main] WARN soot.jimple.infoflow.android.resources.LayoutFileParser - Layout class aero.panasonic.companion.view.widget.TruncationTextView is not derived from android.view.View
[main] WARN soot.jimple.infoflow.android.resources.LayoutFileParser - Layout class aero.panasonic.companion.view.widget.TruncationTextView is not derived from android.view.View
[main] WARN soot.jimple.infoflow.android.resources.LayoutFileParser - Layout class aero.panasonic.companion.view.widget.ScrollingMediaLayout is not derived from android.view.View
[main] WARN soot.jimple.infoflow.android.resources.LayoutFileParser - Layout class aero.panasonic.companion.view.widget.CustomViewPager is not derived from android.view.View
[main] WARN soot.jimple.infoflow.android.resources.LayoutFileParser - Layout class aero.panasonic.companion.view.widget.TruncationTextView is not derived from android.view.View
[main] WARN soot.jimple.infoflow.android.resources.LayoutFileParser - Layout class aero.panasonic.companion.view.featured.template1.FeaturedTemplateRecyclerView1 is not derived from android.view.View
[main] WARN soot.jimple.infoflow.android.resources.LayoutFileParser - Layout class aero.panasonic.companion.view.featured.template2.FeaturedTemplateRecyclerView2 is not derived from android.view.View
[main] WARN soot.jimple.infoflow.android.resources.LayoutFileParser - Layout class aero.panasonic.companion.view.widget.RestorePositionRecyclerView is not derived from android.view.View
[main] WARN soot.jimple.infoflow.android.resources.LayoutFileParser - Layout class aero.panasonic.companion.view.entertainment.detail.BundleChildrenLayout is not derived from android.view.View
[main] WARN soot.jimple.infoflow.android.resources.LayoutFileParser - Layout class aero.panasonic.companion.view.widget.TruncationTextView is not derived from android.view.View
[main] WARN soot.jimple.infoflow.android.resources.LayoutFileParser - Layout class aero.panasonic.companion.view.widget.TruncationTextView is not derived from android.view.View
[main] WARN soot.jimple.infoflow.android.resources.LayoutFileParser - Layout class aero.panasonic.companion.view.widget.GridRecyclerView is not derived from android.view.View
[main] WARN soot.jimple.infoflow.android.resources.LayoutFileParser - Layout class aero.panasonic.companion.view.widget.RearrangeRecyclerView is not derived from android.view.View
[main] WARN soot.jimple.infoflow.android.resources.LayoutFileParser - Layout class aero.panasonic.companion.view.widget.CustomFab is not derived from android.view.View
[main] WARN soot.jimple.infoflow.android.resources.LayoutFileParser - Layout class aero.panasonic.companion.view.widget.ScrollingMediaLayout is not derived from android.view.View
[main] WARN soot.jimple.infoflow.android.resources.LayoutFileParser - Layout class aero.panasonic.companion.view.widget.TruncationTextView is not derived from android.view.View
[main] WARN soot.jimple.infoflow.android.resources.LayoutFileParser - Layout class aero.panasonic.companion.view.widget.TruncationTextView is not derived from android.view.View
[main] WARN soot.jimple.infoflow.android.resources.LayoutFileParser - Layout class aero.panasonic.companion.view.widget.TruncationTextView is not derived from android.view.View
[main] WARN soot.jimple.infoflow.android.resources.LayoutFileParser - Layout class aero.panasonic.companion.view.widget.TruncationTextView is not derived from android.view.View
[main] WARN soot.jimple.infoflow.android.resources.LayoutFileParser - Layout class aero.panasonic.companion.view.widget.TruncationTextView is not derived from android.view.View
[main] INFO soot.jimple.infoflow.android.callbacks.DefaultCallbackAnalyzer - Running incremental callback analysis for 30 components...
[main] INFO soot.jimple.infoflow.android.callbacks.DefaultCallbackAnalyzer - Incremental callback analysis done.
[main] INFO soot.jimple.infoflow.android.entryPointCreators.AndroidEntryPointCreator - Creating Android entry point for 81 components...
[main] WARN soot.jimple.infoflow.android.entryPointCreators.components.FragmentEntryPointCreator - Cannot generate constructor for phantom class androidx.fragment.app.Fragment
[main] WARN soot.jimple.infoflow.android.entryPointCreators.components.ActivityEntryPointCreator - Cannot create valid constructor for aero.panasonic.companion.view.player.livetv.LiveTVMediaPlayerSkin$SystemUICallback, because it is an interface and cannot substitute with subclass
[main] WARN soot.jimple.infoflow.android.entryPointCreators.components.ActivityEntryPointCreator - Cannot generate constructor for phantom class androidx.fragment.app.Fragment
[main] WARN soot.jimple.infoflow.android.entryPointCreators.components.ActivityEntryPointCreator - Cannot create valid constructor for aero.panasonic.companion.view.player.MediaPlayerSkin1$CloseHandler, because it is an interface and cannot substitute with subclass
[main] WARN soot.jimple.infoflow.android.entryPointCreators.components.ActivityEntryPointCreator - Cannot create valid constructor for aero.panasonic.companion.userdata.UserDataStore, because it is an interface and cannot substitute with subclass
[main] WARN soot.jimple.infoflow.android.entryPointCreators.components.ActivityEntryPointCreator - Cannot create valid constructor for aero.panasonic.companion.model.media.dao.MediaDao, because it is an interface and cannot substitute with subclass
[main] WARN soot.jimple.infoflow.android.entryPointCreators.components.ActivityEntryPointCreator - Cannot generate constructor for phantom class com.fasterxml.jackson.databind.ObjectMapper
[main] WARN soot.jimple.infoflow.android.entryPointCreators.components.ActivityEntryPointCreator - Cannot create valid constructor for aero.panasonic.companion.model.network.NetworkDao, because it is an interface and cannot substitute with subclass
[main] WARN soot.jimple.infoflow.android.entryPointCreators.components.ActivityEntryPointCreator - Cannot create valid constructor for aero.panasonic.companion.view.appinfo.ParentalControlsActivity$OnDialogClickListener, because it is an interface and cannot substitute with subclass
[FlowDroid Timeout Watcher] WARN soot.jimple.infoflow.memory.FlowDroidTimeoutWatcher - Timeout reached, stopping the solvers...
[FlowDroid Timeout Watcher] INFO soot.jimple.infoflow.memory.FlowDroidTimeoutWatcher - FlowDroid timeout watcher terminated
[main] WARN soot.jimple.infoflow.android.SetupApplication - Callback calculation aborted due to timeout
[main] INFO soot.jimple.infoflow.memory.MemoryWarningSystem - Shutting down the memory warning system...
[main] WARN soot.jimple.infoflow.android.SetupApplication - Callback analysis aborted early due to time or memory exhaustion
[main] INFO soot.jimple.infoflow.android.SetupApplication - Entry point calculation done.
[main] WARN soot.jimple.infoflow.android.data.parsers.PermissionMethodParser - Line does not match: <org.springframework.security.config.http.CsrfBeanDefinitionParser: org.springframework.beans.factory.config.BeanDefinition getCsrfLogoutHandler)> -> _SOURCE_
[main] WARN soot.jimple.infoflow.android.data.parsers.PermissionMethodParser - Line does not match: <org.springframework.security.config.http.FormLoginBeanDefinitionParser: java.lang.String getLoginPage)> -> _SOURCE_
[main] WARN soot.jimple.infoflow.android.data.parsers.PermissionMethodParser - Line does not match: <com.google.auth.oauth2.UserCredentials: java.lang.String getClientSecret)> -> _SOURCE_
[main] WARN soot.jimple.infoflow.android.data.parsers.PermissionMethodParser - Line does not match: <org.springframework.web.servlet.tags.UrlTag: java.lang.String createUrl)> -> _SOURCE_
[main] WARN soot.jimple.infoflow.android.data.parsers.PermissionMethodParser - Line does not match: <org.apache.xmlrpc.webserver.RequestData: java.lang.String getMethod)> -> _SOURCE_
[main] WARN soot.jimple.infoflow.android.data.parsers.PermissionMethodParser - Line does not match: <org.dmfs.oauth2.client.http.requests.ResourceOwnerPasswordTokenRequest: org.dmfs.httpclient.HttpRequestEntity requestEntity)> -> _SOURCE_
[main] WARN soot.jimple.infoflow.android.data.parsers.PermissionMethodParser - Line does not match: <org.springframework.security.concurrent.DelegatingSecurityContextExecutorService: java.util.concurrent.ExecutorService getDelegate)> -> _SOURCE_
[main] WARN soot.jimple.infoflow.android.data.parsers.PermissionMethodParser - Line does not match: <org.springframework.security.config.annotation.web.builders.HttpSecurity: org.springframework.security.config.'annotation'.web.configurers.HeadersConfigurer headers)> -> _SOURCE_
[main] WARN soot.jimple.infoflow.android.data.parsers.PermissionMethodParser - Line does not match: <org.springframework.web.servlet.tags.EscapeBodyTag: java.lang.String readBodyContent)> -> _SOURCE_
[main] WARN soot.jimple.infoflow.android.data.parsers.PermissionMethodParser - Line does not match: <org.springframework.security.config.http.FormLoginBeanDefinitionParser: java.lang.String getLoginProcessingUrl)> -> _SOURCE_
[main] WARN soot.jimple.infoflow.android.data.parsers.PermissionMethodParser - Line does not match: <org.springframework.security.config.annotation.web.configurers.LogoutConfigurer: java.util.List getLogoutHandlers)> -> _SOURCE_
[main] WARN soot.jimple.infoflow.android.data.parsers.PermissionMethodParser - Line does not match: <org.apache.xmlrpc.webserver.RequestData: java.lang.String getHttpVersion)> -> _SOURCE_
[main] WARN soot.jimple.infoflow.android.data.parsers.PermissionMethodParser - Line does not match: <org.apache.xmlrpc.webserver.HttpServletRequestImpl: void parseParameters)> -> _SOURCE_
[main] WARN soot.jimple.infoflow.android.data.parsers.PermissionMethodParser - Line does not match:     
[main] INFO soot.jimple.infoflow.android.source.AccessPathBasedSourceSinkManager - Created a SourceSinkManager with 71 sources, 193 sinks, and 176 callback methods.
[main] INFO soot.jimple.infoflow.android.SetupApplication - Collecting callbacks and building a callgraph took 20 seconds
[main] INFO soot.jimple.infoflow.android.SetupApplication - Running data flow analysis on /home/yacine/Art/static_analysis/APKs/com.hawaiianairlines.app.apk with 71 sources and 193 sinks...
[main] INFO soot.jimple.infoflow.InfoflowConfiguration - Implicit flow tracking is NOT enabled
[main] INFO soot.jimple.infoflow.InfoflowConfiguration - Exceptional flow tracking is enabled
[main] INFO soot.jimple.infoflow.InfoflowConfiguration - Running with a maximum access path length of 5
[main] INFO soot.jimple.infoflow.InfoflowConfiguration - Using path-agnostic result collection
[main] INFO soot.jimple.infoflow.InfoflowConfiguration - Recursive access path shortening is enabled
[main] INFO soot.jimple.infoflow.InfoflowConfiguration - Taint analysis enabled: true
[main] INFO soot.jimple.infoflow.InfoflowConfiguration - Using alias algorithm FlowSensitive
[main] INFO soot.jimple.infoflow.memory.MemoryWarningSystem - Registered a memory warning system for 14,450.4 MiB
[main] INFO soot.jimple.infoflow.android.SetupApplication$InPlaceInfoflow - Callgraph construction took 0 seconds
[main] INFO soot.jimple.infoflow.codeOptimization.InterproceduralConstantValuePropagator - Removing side-effect free methods is disabled
[main] ERROR soot.jimple.infoflow.android.SetupApplication$InPlaceInfoflow - Exception during data flow analysis
java.lang.RuntimeException: not declared: dummyMainMethod
	at soot.SootMethod.getDeclaringClass(SootMethod.java:194)
	at soot.jimple.infoflow.codeOptimization.InterproceduralConstantValuePropagator.checkAndAddMethod(InterproceduralConstantValuePropagator.java:191)
	at soot.jimple.infoflow.codeOptimization.InterproceduralConstantValuePropagator.internalTransform(InterproceduralConstantValuePropagator.java:213)
	at soot.SceneTransformer.transform(SceneTransformer.java:36)
	at soot.SceneTransformer.transform(SceneTransformer.java:42)
	at soot.SceneTransformer.transform(SceneTransformer.java:46)
	at soot.jimple.infoflow.codeOptimization.DeadCodeEliminator.run(DeadCodeEliminator.java:75)
	at soot.jimple.infoflow.AbstractInfoflow.eliminateDeadCode(AbstractInfoflow.java:1517)
	at soot.jimple.infoflow.AbstractInfoflow.runAnalysis(AbstractInfoflow.java:616)
	at soot.jimple.infoflow.AbstractInfoflow.runAnalysis(AbstractInfoflow.java:567)
	at soot.jimple.infoflow.android.SetupApplication$InPlaceInfoflow.runAnalysis(SetupApplication.java:1320)
	at soot.jimple.infoflow.android.SetupApplication.processEntryPoint(SetupApplication.java:1609)
	at soot.jimple.infoflow.android.SetupApplication.runInfoflow(SetupApplication.java:1544)
	at soot.jimple.infoflow.android.SetupApplication.runInfoflow(SetupApplication.java:1491)
	at soot.jimple.infoflow.cmd.MainClass.run(MainClass.java:358)
	at soot.jimple.infoflow.cmd.MainClass.main(MainClass.java:256)
[main] INFO soot.jimple.infoflow.android.SetupApplication - Found 0 leaks
