[main] WARN soot.jimple.infoflow.methodSummary.data.provider.LazySummaryProvider - Lazy loading summaries from a jar/zip file might throw a ClosedChannelException. Use the EagerSummaryProvider instead.
[main] INFO soot.jimple.infoflow.cmd.MainClass - Analyzing app /home/yacine/Art/static_analysis/APKs/com.hawaiianairlines.app.apk (1 of 1)...
[main] INFO soot.jimple.infoflow.android.SetupApplication - Initializing Soot...
[main] INFO soot.jimple.infoflow.android.SetupApplication - Loading dex files...
[main] WARN soot.dexpler.DexFileProvider - Multiple dex files detected, only processing 'classes.dex'. Use '-process-multiple-dex' option to process them all.
[main] INFO soot.jimple.infoflow.android.SetupApplication - ARSC file parsing took 0.149879468 seconds
[main] INFO soot.jimple.infoflow.memory.MemoryWarningSystem - Registered a memory warning system for 14,450.4 MiB
[main] INFO soot.jimple.infoflow.memory.FlowDroidTimeoutWatcher - FlowDroid timeout watcher started
[main] INFO soot.jimple.infoflow.android.entryPointCreators.AndroidEntryPointCreator - Creating Android entry point for 81 components...
[main] INFO soot.jimple.infoflow.android.SetupApplication - Constructing the callgraph...
[FlowDroid Timeout Watcher] WARN soot.jimple.infoflow.memory.FlowDroidTimeoutWatcher - Timeout reached, stopping the solvers...
[FlowDroid Timeout Watcher] INFO soot.jimple.infoflow.memory.FlowDroidTimeoutWatcher - FlowDroid timeout watcher terminated
[main] WARN soot.jimple.infoflow.android.resources.LayoutFileParser - Layout class aero.panasonic.companion.view.widget.RestorePositionRecyclerView is not derived from android.view.View
[main] WARN soot.jimple.infoflow.android.resources.LayoutFileParser - Layout class aero.panasonic.companion.view.widget.RestorePositionRecyclerView is not derived from android.view.View
[main] WARN soot.jimple.infoflow.android.resources.LayoutFileParser - Layout class aero.panasonic.companion.view.widget.TruncationTextView is not derived from android.view.View
[main] WARN soot.jimple.infoflow.android.resources.LayoutFileParser - Layout class aero.panasonic.companion.view.widget.RestorePositionRecyclerView is not derived from android.view.View
[main] WARN soot.jimple.infoflow.android.resources.LayoutFileParser - Layout class aero.panasonic.companion.view.widget.CustomFab is not derived from android.view.View
[main] WARN soot.jimple.infoflow.android.resources.LayoutFileParser - Layout class aero.panasonic.companion.view.widget.TruncationTextView is not derived from android.view.View
[main] WARN soot.jimple.infoflow.android.resources.LayoutFileParser - Layout class aero.panasonic.companion.view.widget.TruncationTextView is not derived from android.view.View
[main] WARN soot.jimple.infoflow.android.resources.LayoutFileParser - Layout class aero.panasonic.companion.view.widget.TruncationTextView is not derived from android.view.View
[main] WARN soot.jimple.infoflow.android.resources.LayoutFileParser - Layout class aero.panasonic.companion.view.widget.ScrollingMediaLayout is not derived from android.view.View
[main] WARN soot.jimple.infoflow.android.resources.LayoutFileParser - Layout class aero.panasonic.companion.view.widget.CustomViewPager is not derived from android.view.View
[main] WARN soot.jimple.infoflow.android.resources.LayoutFileParser - Layout class aero.panasonic.companion.view.widget.TruncationTextView is not derived from android.view.View
[main] WARN soot.jimple.infoflow.android.resources.LayoutFileParser - Layout class aero.panasonic.companion.view.featured.template1.FeaturedTemplateRecyclerView1 is not derived from android.view.View
[main] WARN soot.jimple.infoflow.android.resources.LayoutFileParser - Layout class aero.panasonic.companion.view.featured.template2.FeaturedTemplateRecyclerView2 is not derived from android.view.View
[main] WARN soot.jimple.infoflow.android.resources.LayoutFileParser - Layout class aero.panasonic.companion.view.widget.RestorePositionRecyclerView is not derived from android.view.View
[main] WARN soot.jimple.infoflow.android.resources.LayoutFileParser - Layout class aero.panasonic.companion.view.entertainment.detail.BundleChildrenLayout is not derived from android.view.View
[main] WARN soot.jimple.infoflow.android.resources.LayoutFileParser - Layout class aero.panasonic.companion.view.widget.TruncationTextView is not derived from android.view.View
[main] WARN soot.jimple.infoflow.android.resources.LayoutFileParser - Layout class aero.panasonic.companion.view.widget.TruncationTextView is not derived from android.view.View
[main] WARN soot.jimple.infoflow.android.resources.LayoutFileParser - Layout class aero.panasonic.companion.view.widget.GridRecyclerView is not derived from android.view.View
[main] WARN soot.jimple.infoflow.android.resources.LayoutFileParser - Layout class aero.panasonic.companion.view.widget.RearrangeRecyclerView is not derived from android.view.View
[main] WARN soot.jimple.infoflow.android.resources.LayoutFileParser - Layout class aero.panasonic.companion.view.widget.CustomFab is not derived from android.view.View
[main] WARN soot.jimple.infoflow.android.resources.LayoutFileParser - Layout class aero.panasonic.companion.view.widget.ScrollingMediaLayout is not derived from android.view.View
[main] WARN soot.jimple.infoflow.android.resources.LayoutFileParser - Layout class aero.panasonic.companion.view.widget.TruncationTextView is not derived from android.view.View
[main] WARN soot.jimple.infoflow.android.resources.LayoutFileParser - Layout class aero.panasonic.companion.view.widget.TruncationTextView is not derived from android.view.View
[main] WARN soot.jimple.infoflow.android.resources.LayoutFileParser - Layout class aero.panasonic.companion.view.widget.TruncationTextView is not derived from android.view.View
[main] WARN soot.jimple.infoflow.android.resources.LayoutFileParser - Layout class aero.panasonic.companion.view.widget.TruncationTextView is not derived from android.view.View
[main] WARN soot.jimple.infoflow.android.resources.LayoutFileParser - Layout class aero.panasonic.companion.view.widget.TruncationTextView is not derived from android.view.View
[main] INFO soot.jimple.infoflow.android.callbacks.DefaultCallbackAnalyzer - Collecting callbacks in DEFAULT mode...
[main] INFO soot.jimple.infoflow.android.callbacks.DefaultCallbackAnalyzer - Callback analysis done.
[main] WARN soot.jimple.infoflow.android.resources.LayoutFileParser - Layout class aero.panasonic.companion.view.widget.RestorePositionRecyclerView is not derived from android.view.View
[main] WARN soot.jimple.infoflow.android.resources.LayoutFileParser - Layout class aero.panasonic.companion.view.widget.RestorePositionRecyclerView is not derived from android.view.View
[main] WARN soot.jimple.infoflow.android.resources.LayoutFileParser - Layout class aero.panasonic.companion.view.widget.TruncationTextView is not derived from android.view.View
[main] WARN soot.jimple.infoflow.android.resources.LayoutFileParser - Layout class aero.panasonic.companion.view.widget.RestorePositionRecyclerView is not derived from android.view.View
[main] WARN soot.jimple.infoflow.android.resources.LayoutFileParser - Layout class aero.panasonic.companion.view.widget.CustomFab is not derived from android.view.View
[main] WARN soot.jimple.infoflow.android.resources.LayoutFileParser - Layout class aero.panasonic.companion.view.widget.TruncationTextView is not derived from android.view.View
[main] WARN soot.jimple.infoflow.android.resources.LayoutFileParser - Layout class aero.panasonic.companion.view.widget.TruncationTextView is not derived from android.view.View
[main] WARN soot.jimple.infoflow.android.resources.LayoutFileParser - Layout class aero.panasonic.companion.view.widget.TruncationTextView is not derived from android.view.View
[main] WARN soot.jimple.infoflow.android.resources.LayoutFileParser - Layout class aero.panasonic.companion.view.widget.ScrollingMediaLayout is not derived from android.view.View
[main] WARN soot.jimple.infoflow.android.resources.LayoutFileParser - Layout class aero.panasonic.companion.view.widget.CustomViewPager is not derived from android.view.View
[main] WARN soot.jimple.infoflow.android.resources.LayoutFileParser - Layout class aero.panasonic.companion.view.widget.TruncationTextView is not derived from android.view.View
[main] WARN soot.jimple.infoflow.android.resources.LayoutFileParser - Layout class aero.panasonic.companion.view.featured.template1.FeaturedTemplateRecyclerView1 is not derived from android.view.View
[main] WARN soot.jimple.infoflow.android.resources.LayoutFileParser - Layout class aero.panasonic.companion.view.featured.template2.FeaturedTemplateRecyclerView2 is not derived from android.view.View
[main] WARN soot.jimple.infoflow.android.resources.LayoutFileParser - Layout class aero.panasonic.companion.view.widget.RestorePositionRecyclerView is not derived from android.view.View
[main] WARN soot.jimple.infoflow.android.resources.LayoutFileParser - Layout class aero.panasonic.companion.view.entertainment.detail.BundleChildrenLayout is not derived from android.view.View
[main] WARN soot.jimple.infoflow.android.resources.LayoutFileParser - Layout class aero.panasonic.companion.view.widget.TruncationTextView is not derived from android.view.View
[main] WARN soot.jimple.infoflow.android.resources.LayoutFileParser - Layout class aero.panasonic.companion.view.widget.TruncationTextView is not derived from android.view.View
[main] WARN soot.jimple.infoflow.android.resources.LayoutFileParser - Layout class aero.panasonic.companion.view.widget.GridRecyclerView is not derived from android.view.View
[main] WARN soot.jimple.infoflow.android.resources.LayoutFileParser - Layout class aero.panasonic.companion.view.widget.RearrangeRecyclerView is not derived from android.view.View
[main] WARN soot.jimple.infoflow.android.resources.LayoutFileParser - Layout class aero.panasonic.companion.view.widget.CustomFab is not derived from android.view.View
[main] WARN soot.jimple.infoflow.android.resources.LayoutFileParser - Layout class aero.panasonic.companion.view.widget.ScrollingMediaLayout is not derived from android.view.View
[main] WARN soot.jimple.infoflow.android.resources.LayoutFileParser - Layout class aero.panasonic.companion.view.widget.TruncationTextView is not derived from android.view.View
[main] WARN soot.jimple.infoflow.android.resources.LayoutFileParser - Layout class aero.panasonic.companion.view.widget.TruncationTextView is not derived from android.view.View
[main] WARN soot.jimple.infoflow.android.resources.LayoutFileParser - Layout class aero.panasonic.companion.view.widget.TruncationTextView is not derived from android.view.View
[main] WARN soot.jimple.infoflow.android.resources.LayoutFileParser - Layout class aero.panasonic.companion.view.widget.TruncationTextView is not derived from android.view.View
[main] WARN soot.jimple.infoflow.android.resources.LayoutFileParser - Layout class aero.panasonic.companion.view.widget.TruncationTextView is not derived from android.view.View
[main] WARN soot.jimple.infoflow.android.SetupApplication - Aborted callback collection because of low memory
[main] INFO soot.jimple.infoflow.memory.MemoryWarningSystem - Shutting down the memory warning system...
[main] WARN soot.jimple.infoflow.android.SetupApplication - Callback analysis aborted early due to time or memory exhaustion
[main] INFO soot.jimple.infoflow.android.SetupApplication - Entry point calculation done.
[main] WARN soot.jimple.infoflow.android.data.parsers.PermissionMethodParser - Line does not match: <org.springframework.security.config.http.CsrfBeanDefinitionParser: org.springframework.beans.factory.config.BeanDefinition getCsrfLogoutHandler)> -> _SOURCE_
[main] WARN soot.jimple.infoflow.android.data.parsers.PermissionMethodParser - Line does not match: <org.springframework.security.config.http.FormLoginBeanDefinitionParser: java.lang.String getLoginPage)> -> _SOURCE_
[main] WARN soot.jimple.infoflow.android.data.parsers.PermissionMethodParser - Line does not match: <com.google.auth.oauth2.UserCredentials: java.lang.String getClientSecret)> -> _SOURCE_
[main] WARN soot.jimple.infoflow.android.data.parsers.PermissionMethodParser - Line does not match: <org.springframework.web.servlet.tags.UrlTag: java.lang.String createUrl)> -> _SOURCE_
[main] WARN soot.jimple.infoflow.android.data.parsers.PermissionMethodParser - Line does not match: <org.apache.xmlrpc.webserver.RequestData: java.lang.String getMethod)> -> _SOURCE_
[main] WARN soot.jimple.infoflow.android.data.parsers.PermissionMethodParser - Line does not match: <org.dmfs.oauth2.client.http.requests.ResourceOwnerPasswordTokenRequest: org.dmfs.httpclient.HttpRequestEntity requestEntity)> -> _SOURCE_
[main] WARN soot.jimple.infoflow.android.data.parsers.PermissionMethodParser - Line does not match: <org.springframework.security.concurrent.DelegatingSecurityContextExecutorService: java.util.concurrent.ExecutorService getDelegate)> -> _SOURCE_
[main] WARN soot.jimple.infoflow.android.data.parsers.PermissionMethodParser - Line does not match: <org.springframework.security.config.annotation.web.builders.HttpSecurity: org.springframework.security.config.'annotation'.web.configurers.HeadersConfigurer headers)> -> _SOURCE_
[main] WARN soot.jimple.infoflow.android.data.parsers.PermissionMethodParser - Line does not match: <org.springframework.web.servlet.tags.EscapeBodyTag: java.lang.String readBodyContent)> -> _SOURCE_
[main] WARN soot.jimple.infoflow.android.data.parsers.PermissionMethodParser - Line does not match: <org.springframework.security.config.http.FormLoginBeanDefinitionParser: java.lang.String getLoginProcessingUrl)> -> _SOURCE_
[main] WARN soot.jimple.infoflow.android.data.parsers.PermissionMethodParser - Line does not match: <org.springframework.security.config.annotation.web.configurers.LogoutConfigurer: java.util.List getLogoutHandlers)> -> _SOURCE_
[main] WARN soot.jimple.infoflow.android.data.parsers.PermissionMethodParser - Line does not match: <org.apache.xmlrpc.webserver.RequestData: java.lang.String getHttpVersion)> -> _SOURCE_
[main] WARN soot.jimple.infoflow.android.data.parsers.PermissionMethodParser - Line does not match: <org.apache.xmlrpc.webserver.HttpServletRequestImpl: void parseParameters)> -> _SOURCE_
[main] WARN soot.jimple.infoflow.android.data.parsers.PermissionMethodParser - Line does not match:     
[main] INFO soot.jimple.infoflow.android.source.AccessPathBasedSourceSinkManager - Created a SourceSinkManager with 71 sources, 193 sinks, and 0 callback methods.
[main] INFO soot.jimple.infoflow.android.SetupApplication - Collecting callbacks and building a callgraph took 7 seconds
[main] INFO soot.jimple.infoflow.android.SetupApplication - Running data flow analysis on /home/yacine/Art/static_analysis/APKs/com.hawaiianairlines.app.apk with 71 sources and 193 sinks...
[main] INFO soot.jimple.infoflow.InfoflowConfiguration - Implicit flow tracking is NOT enabled
[main] INFO soot.jimple.infoflow.InfoflowConfiguration - Exceptional flow tracking is enabled
[main] INFO soot.jimple.infoflow.InfoflowConfiguration - Running with a maximum access path length of 5
[main] INFO soot.jimple.infoflow.InfoflowConfiguration - Using path-agnostic result collection
[main] INFO soot.jimple.infoflow.InfoflowConfiguration - Recursive access path shortening is enabled
[main] INFO soot.jimple.infoflow.InfoflowConfiguration - Taint analysis enabled: true
[main] INFO soot.jimple.infoflow.InfoflowConfiguration - Using alias algorithm FlowSensitive
[main] INFO soot.jimple.infoflow.memory.MemoryWarningSystem - Registered a memory warning system for 14,450.4 MiB
[main] INFO soot.jimple.infoflow.android.SetupApplication$InPlaceInfoflow - Callgraph construction took 0 seconds
[main] INFO soot.jimple.infoflow.codeOptimization.InterproceduralConstantValuePropagator - Removing side-effect free methods is disabled
[main] INFO soot.jimple.infoflow.android.SetupApplication$InPlaceInfoflow - Dead code elimination took 0.303914416 seconds
[main] INFO soot.jimple.infoflow.android.SetupApplication$InPlaceInfoflow - Callgraph has 6654 edges
[main] INFO soot.jimple.infoflow.android.SetupApplication$InPlaceInfoflow - Starting Taint Analysis
[main] INFO soot.jimple.infoflow.android.SetupApplication$InPlaceInfoflow - Using context- and flow-sensitive solver
[main] INFO soot.jimple.infoflow.android.SetupApplication$InPlaceInfoflow - Using context- and flow-sensitive solver
[main] INFO soot.jimple.infoflow.memory.FlowDroidTimeoutWatcher - FlowDroid timeout watcher started
[main] WARN soot.jimple.infoflow.android.SetupApplication$InPlaceInfoflow - Running with limited join point abstractions can break context-sensitive path builders
[main] INFO soot.jimple.infoflow.android.SetupApplication$InPlaceInfoflow - Looking for sources and sinks...
[main] INFO soot.jimple.infoflow.android.SetupApplication$InPlaceInfoflow - Source lookup done, found 3 sources and 39 sinks.
[FlowDroid Timeout Watcher] WARN soot.jimple.infoflow.memory.FlowDroidTimeoutWatcher - Timeout reached, stopping the solvers...
[main] INFO soot.jimple.infoflow.android.SetupApplication$InPlaceInfoflow - Taint wrapper hits: 3145
[main] INFO soot.jimple.infoflow.android.SetupApplication$InPlaceInfoflow - Taint wrapper misses: 47711
[FlowDroid Timeout Watcher] INFO soot.jimple.infoflow.memory.FlowDroidTimeoutWatcher - FlowDroid timeout watcher terminated
[main] INFO soot.jimple.infoflow.android.SetupApplication$InPlaceInfoflow - IFDS problem with 33888 forward and 88161 backward edges solved in 1 seconds, processing 6 results...
[main] INFO soot.jimple.infoflow.android.SetupApplication$InPlaceInfoflow - Current memory consumption: 372 MB
[main] INFO soot.jimple.infoflow.android.SetupApplication$InPlaceInfoflow - Memory consumption after cleanup: 207 MB
[main] INFO soot.jimple.infoflow.memory.FlowDroidTimeoutWatcher - FlowDroid timeout watcher started
[main] INFO soot.jimple.infoflow.data.pathBuilders.DefaultPathBuilderFactory$ShutdownBatchPathBuilder - Running path reconstruction batch 1 with 5 elements
[main] INFO soot.jimple.infoflow.data.pathBuilders.DefaultPathBuilderFactory$RepeatableContextSensitivePathBuilder - Obtainted 5 connections between sources and sinks
[main] INFO soot.jimple.infoflow.data.pathBuilders.DefaultPathBuilderFactory$RepeatableContextSensitivePathBuilder - Building path 1...
[main] INFO soot.jimple.infoflow.data.pathBuilders.DefaultPathBuilderFactory$RepeatableContextSensitivePathBuilder - Building path 2...
[main] INFO soot.jimple.infoflow.data.pathBuilders.DefaultPathBuilderFactory$RepeatableContextSensitivePathBuilder - Building path 3...
[main] INFO soot.jimple.infoflow.data.pathBuilders.DefaultPathBuilderFactory$RepeatableContextSensitivePathBuilder - Building path 4...
[main] INFO soot.jimple.infoflow.data.pathBuilders.DefaultPathBuilderFactory$RepeatableContextSensitivePathBuilder - Building path 5...
[main] ERROR soot.jimple.infoflow.data.pathBuilders.DefaultPathBuilderFactory$RepeatableContextSensitivePathBuilder - Could not wait for executor termination
java.lang.InterruptedException
	at java.base/java.util.concurrent.locks.AbstractQueuedSynchronizer.tryAcquireSharedNanos(AbstractQueuedSynchronizer.java:1133)
	at heros.solver.CountLatch.awaitZero(CountLatch.java:79)
	at heros.solver.CountingThreadPoolExecutor.awaitCompletion(CountingThreadPoolExecutor.java:86)
	at soot.jimple.infoflow.solver.executors.InterruptableExecutor.awaitCompletion(InterruptableExecutor.java:88)
	at soot.jimple.infoflow.data.pathBuilders.ContextSensitivePathBuilder.computeTaintPaths(ContextSensitivePathBuilder.java:270)
	at soot.jimple.infoflow.data.pathBuilders.BatchPathBuilder.computeTaintPaths(BatchPathBuilder.java:47)
	at soot.jimple.infoflow.data.pathBuilders.DefaultPathBuilderFactory$ShutdownBatchPathBuilder.computeTaintPaths(DefaultPathBuilderFactory.java:56)
	at soot.jimple.infoflow.AbstractInfoflow.runTaintAnalysis(AbstractInfoflow.java:1107)
	at soot.jimple.infoflow.AbstractInfoflow.runAnalysis(AbstractInfoflow.java:634)
	at soot.jimple.infoflow.AbstractInfoflow.runAnalysis(AbstractInfoflow.java:567)
	at soot.jimple.infoflow.android.SetupApplication$InPlaceInfoflow.runAnalysis(SetupApplication.java:1320)
	at soot.jimple.infoflow.android.SetupApplication.processEntryPoint(SetupApplication.java:1609)
	at soot.jimple.infoflow.android.SetupApplication.runInfoflow(SetupApplication.java:1544)
	at soot.jimple.infoflow.android.SetupApplication.runInfoflow(SetupApplication.java:1491)
	at soot.jimple.infoflow.cmd.MainClass.run(MainClass.java:358)
	at soot.jimple.infoflow.cmd.MainClass.main(MainClass.java:256)
[main] INFO soot.jimple.infoflow.data.pathBuilders.DefaultPathBuilderFactory$ShutdownBatchPathBuilder - Running path reconstruction batch 2 with 1 elements
[main] INFO soot.jimple.infoflow.data.pathBuilders.DefaultPathBuilderFactory$RepeatableContextSensitivePathBuilder - Obtainted 1 connections between sources and sinks
[main] INFO soot.jimple.infoflow.data.pathBuilders.DefaultPathBuilderFactory$RepeatableContextSensitivePathBuilder - Building path 1...
[main] INFO soot.jimple.infoflow.memory.MemoryWarningSystem - Shutting down the memory warning system...
[main] INFO soot.jimple.infoflow.android.SetupApplication$InPlaceInfoflow - Memory consumption after path building: 207 MB
[main] INFO soot.jimple.infoflow.android.SetupApplication$InPlaceInfoflow - Path reconstruction took 0 seconds
[main] INFO soot.jimple.infoflow.android.SetupApplication$InPlaceInfoflow - The sink staticinvoke <android.util.Log: int v(java.lang.String,java.lang.String)>($r0, $r1) in method <aero.panasonic.inflight.services.utils.Log: void setIsSeatBack(int,java.lang.String,java.lang.String)> was called with values from the following sources:
[main] INFO soot.jimple.infoflow.android.SetupApplication$InPlaceInfoflow - - $r10 = interfaceinvoke $r9.<android.database.Cursor: java.lang.String getString(int)>($i0) in method <aero.panasonic.inflight.services.data.iicore.cp.IICoreQuery: java.lang.String queryString(android.net.Uri)>
[main] INFO soot.jimple.infoflow.android.SetupApplication$InPlaceInfoflow - The sink staticinvoke <android.util.Log: int i(java.lang.String,java.lang.String)>($r0, $r1) in method <aero.panasonic.inflight.services.utils.Log: void setIsSeatBack(int,java.lang.String,java.lang.String)> was called with values from the following sources:
[main] INFO soot.jimple.infoflow.android.SetupApplication$InPlaceInfoflow - - $r10 = interfaceinvoke $r9.<android.database.Cursor: java.lang.String getString(int)>($i0) in method <aero.panasonic.inflight.services.data.iicore.cp.IICoreQuery: java.lang.String queryString(android.net.Uri)>
[main] INFO soot.jimple.infoflow.android.SetupApplication$InPlaceInfoflow - The sink virtualinvoke r0.<android.app.Activity: android.content.Intent registerReceiver(android.content.BroadcastReceiver,android.content.IntentFilter)>($r1, $r2) in method <aero.panasonic.companion.view.entertainment.livetv.EpgActivity: void onResumeInternal()> was called with values from the following sources:
[main] INFO soot.jimple.infoflow.android.SetupApplication$InPlaceInfoflow - - $r4 = virtualinvoke $r8.<android.net.wifi.WifiInfo: java.lang.String getSSID()>() in method <aero.panasonic.companion.view.LifeCycleHookActivity: java.lang.String createHash()>
[main] INFO soot.jimple.infoflow.android.SetupApplication$InPlaceInfoflow - The sink staticinvoke <android.util.Log: int e(java.lang.String,java.lang.String)>($r0, $r1) in method <aero.panasonic.inflight.services.utils.Log: void setIsSeatBack(int,java.lang.String,java.lang.String)> was called with values from the following sources:
[main] INFO soot.jimple.infoflow.android.SetupApplication$InPlaceInfoflow - - $r10 = interfaceinvoke $r9.<android.database.Cursor: java.lang.String getString(int)>($i0) in method <aero.panasonic.inflight.services.data.iicore.cp.IICoreQuery: java.lang.String queryString(android.net.Uri)>
[main] INFO soot.jimple.infoflow.android.SetupApplication$InPlaceInfoflow - The sink staticinvoke <android.util.Log: int d(java.lang.String,java.lang.String)>($r0, $r1) in method <aero.panasonic.inflight.services.utils.Log: void setIsSeatBack(int,java.lang.String,java.lang.String)> was called with values from the following sources:
[main] INFO soot.jimple.infoflow.android.SetupApplication$InPlaceInfoflow - - $r10 = interfaceinvoke $r9.<android.database.Cursor: java.lang.String getString(int)>($i0) in method <aero.panasonic.inflight.services.data.iicore.cp.IICoreQuery: java.lang.String queryString(android.net.Uri)>
[main] INFO soot.jimple.infoflow.android.SetupApplication$InPlaceInfoflow - The sink staticinvoke <android.util.Log: int w(java.lang.String,java.lang.String)>($r0, $r1) in method <aero.panasonic.inflight.services.utils.Log: void setIsSeatBack(int,java.lang.String,java.lang.String)> was called with values from the following sources:
[main] INFO soot.jimple.infoflow.android.SetupApplication$InPlaceInfoflow - - $r10 = interfaceinvoke $r9.<android.database.Cursor: java.lang.String getString(int)>($i0) in method <aero.panasonic.inflight.services.data.iicore.cp.IICoreQuery: java.lang.String queryString(android.net.Uri)>
[main] INFO soot.jimple.infoflow.android.SetupApplication$InPlaceInfoflow - Data flow solver took 2 seconds. Maximum memory consumption: 372 MB
[main] INFO soot.jimple.infoflow.android.SetupApplication - Found 6 leaks
